ARM GAS  C:\Users\TSUBAS~1\AppData\Local\Temp\ccpcnqDP.s 			page 1


   1              		.cpu cortex-m0
   2              		.fpu softvfp
   3              		.eabi_attribute 20, 1
   4              		.eabi_attribute 21, 1
   5              		.eabi_attribute 23, 3
   6              		.eabi_attribute 24, 1
   7              		.eabi_attribute 25, 1
   8              		.eabi_attribute 26, 1
   9              		.eabi_attribute 30, 6
  10              		.eabi_attribute 34, 0
  11              		.eabi_attribute 18, 4
  12              		.code	16
  13              		.file	"Counter_1_PM.c"
  14              		.text
  15              	.Ltext0:
  16              		.cfi_sections	.debug_frame
  17              		.bss
  18              		.align	2
  19              	Counter_1_backup:
  20 0000 0000     		.space	2
  21 0002 0000     		.section	.text.Counter_1_SaveConfig,"ax",%progbits
  22              		.align	2
  23              		.global	Counter_1_SaveConfig
  24              		.code	16
  25              		.thumb_func
  26              		.type	Counter_1_SaveConfig, %function
  27              	Counter_1_SaveConfig:
  28              	.LFB0:
  29              		.file 1 ".\\Generated_Source\\PSoC4\\Counter_1_PM.c"
   1:.\Generated_Source\PSoC4/Counter_1_PM.c **** /*******************************************************************************
   2:.\Generated_Source\PSoC4/Counter_1_PM.c **** * File Name: Counter_1_PM.c  
   3:.\Generated_Source\PSoC4/Counter_1_PM.c **** * Version 2.40
   4:.\Generated_Source\PSoC4/Counter_1_PM.c **** *
   5:.\Generated_Source\PSoC4/Counter_1_PM.c **** *  Description:
   6:.\Generated_Source\PSoC4/Counter_1_PM.c **** *    This file provides the power management source code to API for the
   7:.\Generated_Source\PSoC4/Counter_1_PM.c **** *    Counter.  
   8:.\Generated_Source\PSoC4/Counter_1_PM.c **** *
   9:.\Generated_Source\PSoC4/Counter_1_PM.c **** *   Note:
  10:.\Generated_Source\PSoC4/Counter_1_PM.c **** *     None
  11:.\Generated_Source\PSoC4/Counter_1_PM.c **** *
  12:.\Generated_Source\PSoC4/Counter_1_PM.c **** *******************************************************************************
  13:.\Generated_Source\PSoC4/Counter_1_PM.c **** * Copyright 2008-2012, Cypress Semiconductor Corporation.  All rights reserved.
  14:.\Generated_Source\PSoC4/Counter_1_PM.c **** * You may use this file only in accordance with the license, terms, conditions, 
  15:.\Generated_Source\PSoC4/Counter_1_PM.c **** * disclaimers, and limitations in the end user license agreement accompanying 
  16:.\Generated_Source\PSoC4/Counter_1_PM.c **** * the software package with which this file was provided.
  17:.\Generated_Source\PSoC4/Counter_1_PM.c **** ********************************************************************************/
  18:.\Generated_Source\PSoC4/Counter_1_PM.c **** 
  19:.\Generated_Source\PSoC4/Counter_1_PM.c **** #include "Counter_1.h"
  20:.\Generated_Source\PSoC4/Counter_1_PM.c **** 
  21:.\Generated_Source\PSoC4/Counter_1_PM.c **** static Counter_1_backupStruct Counter_1_backup;
  22:.\Generated_Source\PSoC4/Counter_1_PM.c **** 
  23:.\Generated_Source\PSoC4/Counter_1_PM.c **** 
  24:.\Generated_Source\PSoC4/Counter_1_PM.c **** /*******************************************************************************
  25:.\Generated_Source\PSoC4/Counter_1_PM.c **** * Function Name: Counter_1_SaveConfig
  26:.\Generated_Source\PSoC4/Counter_1_PM.c **** ********************************************************************************
  27:.\Generated_Source\PSoC4/Counter_1_PM.c **** * Summary:
  28:.\Generated_Source\PSoC4/Counter_1_PM.c **** *     Save the current user configuration
ARM GAS  C:\Users\TSUBAS~1\AppData\Local\Temp\ccpcnqDP.s 			page 2


  29:.\Generated_Source\PSoC4/Counter_1_PM.c **** *
  30:.\Generated_Source\PSoC4/Counter_1_PM.c **** * Parameters:  
  31:.\Generated_Source\PSoC4/Counter_1_PM.c **** *  void
  32:.\Generated_Source\PSoC4/Counter_1_PM.c **** *
  33:.\Generated_Source\PSoC4/Counter_1_PM.c **** * Return: 
  34:.\Generated_Source\PSoC4/Counter_1_PM.c **** *  void
  35:.\Generated_Source\PSoC4/Counter_1_PM.c **** *
  36:.\Generated_Source\PSoC4/Counter_1_PM.c **** * Global variables:
  37:.\Generated_Source\PSoC4/Counter_1_PM.c **** *  Counter_1_backup:  Variables of this global structure are modified to 
  38:.\Generated_Source\PSoC4/Counter_1_PM.c **** *  store the values of non retention configuration registers when Sleep() API is 
  39:.\Generated_Source\PSoC4/Counter_1_PM.c **** *  called.
  40:.\Generated_Source\PSoC4/Counter_1_PM.c **** *
  41:.\Generated_Source\PSoC4/Counter_1_PM.c **** *******************************************************************************/
  42:.\Generated_Source\PSoC4/Counter_1_PM.c **** void Counter_1_SaveConfig(void) 
  43:.\Generated_Source\PSoC4/Counter_1_PM.c **** {
  30              		.loc 1 43 0
  31              		.cfi_startproc
  32 0000 80B5     		push	{r7, lr}
  33              	.LCFI0:
  34              		.cfi_def_cfa_offset 8
  35              		.cfi_offset 7, -8
  36              		.cfi_offset 14, -4
  37 0002 00AF     		add	r7, sp, #0
  38              	.LCFI1:
  39              		.cfi_def_cfa_register 7
  44:.\Generated_Source\PSoC4/Counter_1_PM.c ****     #if (!Counter_1_UsingFixedFunction)
  45:.\Generated_Source\PSoC4/Counter_1_PM.c **** 
  46:.\Generated_Source\PSoC4/Counter_1_PM.c ****         Counter_1_backup.CounterUdb = Counter_1_ReadCounter();
  40              		.loc 1 46 0
  41 0004 FFF7FEFF 		bl	Counter_1_ReadCounter
  42 0008 031C     		mov	r3, r0
  43 000a 1A1C     		mov	r2, r3
  44 000c 014B     		ldr	r3, .L2
  45 000e 5A70     		strb	r2, [r3, #1]
  47:.\Generated_Source\PSoC4/Counter_1_PM.c **** 
  48:.\Generated_Source\PSoC4/Counter_1_PM.c ****         #if (CY_UDB_V0)
  49:.\Generated_Source\PSoC4/Counter_1_PM.c ****             Counter_1_backup.CounterPeriod = Counter_1_ReadPeriod();
  50:.\Generated_Source\PSoC4/Counter_1_PM.c ****             Counter_1_backup.CompareValue = Counter_1_ReadCompare();
  51:.\Generated_Source\PSoC4/Counter_1_PM.c ****             Counter_1_backup.InterruptMaskValue = Counter_1_STATUS_MASK;
  52:.\Generated_Source\PSoC4/Counter_1_PM.c ****         #endif /* CY_UDB_V0 */
  53:.\Generated_Source\PSoC4/Counter_1_PM.c **** 
  54:.\Generated_Source\PSoC4/Counter_1_PM.c ****         #if(!Counter_1_ControlRegRemoved)
  55:.\Generated_Source\PSoC4/Counter_1_PM.c ****             Counter_1_backup.CounterControlRegister = Counter_1_ReadControlRegister();
  56:.\Generated_Source\PSoC4/Counter_1_PM.c ****         #endif /* (!Counter_1_ControlRegRemoved) */
  57:.\Generated_Source\PSoC4/Counter_1_PM.c **** 
  58:.\Generated_Source\PSoC4/Counter_1_PM.c ****     #endif /* (!Counter_1_UsingFixedFunction) */
  59:.\Generated_Source\PSoC4/Counter_1_PM.c **** }
  46              		.loc 1 59 0
  47 0010 BD46     		mov	sp, r7
  48              		@ sp needed for prologue
  49 0012 80BD     		pop	{r7, pc}
  50              	.L3:
  51              		.align	2
  52              	.L2:
  53 0014 00000000 		.word	Counter_1_backup
  54              		.cfi_endproc
  55              	.LFE0:
ARM GAS  C:\Users\TSUBAS~1\AppData\Local\Temp\ccpcnqDP.s 			page 3


  56              		.size	Counter_1_SaveConfig, .-Counter_1_SaveConfig
  57              		.section	.text.Counter_1_RestoreConfig,"ax",%progbits
  58              		.align	2
  59              		.global	Counter_1_RestoreConfig
  60              		.code	16
  61              		.thumb_func
  62              		.type	Counter_1_RestoreConfig, %function
  63              	Counter_1_RestoreConfig:
  64              	.LFB1:
  60:.\Generated_Source\PSoC4/Counter_1_PM.c **** 
  61:.\Generated_Source\PSoC4/Counter_1_PM.c **** 
  62:.\Generated_Source\PSoC4/Counter_1_PM.c **** /*******************************************************************************
  63:.\Generated_Source\PSoC4/Counter_1_PM.c **** * Function Name: Counter_1_RestoreConfig
  64:.\Generated_Source\PSoC4/Counter_1_PM.c **** ********************************************************************************
  65:.\Generated_Source\PSoC4/Counter_1_PM.c **** *
  66:.\Generated_Source\PSoC4/Counter_1_PM.c **** * Summary:
  67:.\Generated_Source\PSoC4/Counter_1_PM.c **** *  Restores the current user configuration.
  68:.\Generated_Source\PSoC4/Counter_1_PM.c **** *
  69:.\Generated_Source\PSoC4/Counter_1_PM.c **** * Parameters:  
  70:.\Generated_Source\PSoC4/Counter_1_PM.c **** *  void
  71:.\Generated_Source\PSoC4/Counter_1_PM.c **** *
  72:.\Generated_Source\PSoC4/Counter_1_PM.c **** * Return: 
  73:.\Generated_Source\PSoC4/Counter_1_PM.c **** *  void
  74:.\Generated_Source\PSoC4/Counter_1_PM.c **** *
  75:.\Generated_Source\PSoC4/Counter_1_PM.c **** * Global variables:
  76:.\Generated_Source\PSoC4/Counter_1_PM.c **** *  Counter_1_backup:  Variables of this global structure are used to 
  77:.\Generated_Source\PSoC4/Counter_1_PM.c **** *  restore the values of non retention registers on wakeup from sleep mode.
  78:.\Generated_Source\PSoC4/Counter_1_PM.c **** *
  79:.\Generated_Source\PSoC4/Counter_1_PM.c **** *******************************************************************************/
  80:.\Generated_Source\PSoC4/Counter_1_PM.c **** void Counter_1_RestoreConfig(void) 
  81:.\Generated_Source\PSoC4/Counter_1_PM.c **** {      
  65              		.loc 1 81 0
  66              		.cfi_startproc
  67 0000 80B5     		push	{r7, lr}
  68              	.LCFI2:
  69              		.cfi_def_cfa_offset 8
  70              		.cfi_offset 7, -8
  71              		.cfi_offset 14, -4
  72 0002 00AF     		add	r7, sp, #0
  73              	.LCFI3:
  74              		.cfi_def_cfa_register 7
  82:.\Generated_Source\PSoC4/Counter_1_PM.c ****     #if (!Counter_1_UsingFixedFunction)
  83:.\Generated_Source\PSoC4/Counter_1_PM.c **** 
  84:.\Generated_Source\PSoC4/Counter_1_PM.c ****         #if (CY_UDB_V0)
  85:.\Generated_Source\PSoC4/Counter_1_PM.c ****             uint8 Counter_1_interruptState;
  86:.\Generated_Source\PSoC4/Counter_1_PM.c ****         #endif  /* (CY_UDB_V0) */
  87:.\Generated_Source\PSoC4/Counter_1_PM.c **** 
  88:.\Generated_Source\PSoC4/Counter_1_PM.c ****        Counter_1_WriteCounter(Counter_1_backup.CounterUdb);
  75              		.loc 1 88 0
  76 0004 034B     		ldr	r3, .L5
  77 0006 5B78     		ldrb	r3, [r3, #1]
  78 0008 181C     		mov	r0, r3
  79 000a FFF7FEFF 		bl	Counter_1_WriteCounter
  89:.\Generated_Source\PSoC4/Counter_1_PM.c **** 
  90:.\Generated_Source\PSoC4/Counter_1_PM.c ****         #if (CY_UDB_V0)
  91:.\Generated_Source\PSoC4/Counter_1_PM.c ****             Counter_1_WritePeriod(Counter_1_backup.CounterPeriod);
  92:.\Generated_Source\PSoC4/Counter_1_PM.c ****             Counter_1_WriteCompare(Counter_1_backup.CompareValue);
ARM GAS  C:\Users\TSUBAS~1\AppData\Local\Temp\ccpcnqDP.s 			page 4


  93:.\Generated_Source\PSoC4/Counter_1_PM.c **** 
  94:.\Generated_Source\PSoC4/Counter_1_PM.c ****             Counter_1_interruptState = CyEnterCriticalSection();
  95:.\Generated_Source\PSoC4/Counter_1_PM.c ****             Counter_1_STATUS_AUX_CTRL |= Counter_1_STATUS_ACTL_INT_EN_MASK;
  96:.\Generated_Source\PSoC4/Counter_1_PM.c ****             CyExitCriticalSection(Counter_1_interruptState);
  97:.\Generated_Source\PSoC4/Counter_1_PM.c **** 
  98:.\Generated_Source\PSoC4/Counter_1_PM.c ****             Counter_1_STATUS_MASK = Counter_1_backup.InterruptMaskValue;
  99:.\Generated_Source\PSoC4/Counter_1_PM.c ****         #endif  /* (CY_UDB_V0) */
 100:.\Generated_Source\PSoC4/Counter_1_PM.c **** 
 101:.\Generated_Source\PSoC4/Counter_1_PM.c ****         #if(!Counter_1_ControlRegRemoved)
 102:.\Generated_Source\PSoC4/Counter_1_PM.c ****             Counter_1_WriteControlRegister(Counter_1_backup.CounterControlRegister);
 103:.\Generated_Source\PSoC4/Counter_1_PM.c ****         #endif /* (!Counter_1_ControlRegRemoved) */
 104:.\Generated_Source\PSoC4/Counter_1_PM.c **** 
 105:.\Generated_Source\PSoC4/Counter_1_PM.c ****     #endif /* (!Counter_1_UsingFixedFunction) */
 106:.\Generated_Source\PSoC4/Counter_1_PM.c **** }
  80              		.loc 1 106 0
  81 000e BD46     		mov	sp, r7
  82              		@ sp needed for prologue
  83 0010 80BD     		pop	{r7, pc}
  84              	.L6:
  85 0012 C046     		.align	2
  86              	.L5:
  87 0014 00000000 		.word	Counter_1_backup
  88              		.cfi_endproc
  89              	.LFE1:
  90              		.size	Counter_1_RestoreConfig, .-Counter_1_RestoreConfig
  91              		.section	.text.Counter_1_Sleep,"ax",%progbits
  92              		.align	2
  93              		.global	Counter_1_Sleep
  94              		.code	16
  95              		.thumb_func
  96              		.type	Counter_1_Sleep, %function
  97              	Counter_1_Sleep:
  98              	.LFB2:
 107:.\Generated_Source\PSoC4/Counter_1_PM.c **** 
 108:.\Generated_Source\PSoC4/Counter_1_PM.c **** 
 109:.\Generated_Source\PSoC4/Counter_1_PM.c **** /*******************************************************************************
 110:.\Generated_Source\PSoC4/Counter_1_PM.c **** * Function Name: Counter_1_Sleep
 111:.\Generated_Source\PSoC4/Counter_1_PM.c **** ********************************************************************************
 112:.\Generated_Source\PSoC4/Counter_1_PM.c **** * Summary:
 113:.\Generated_Source\PSoC4/Counter_1_PM.c **** *     Stop and Save the user configuration
 114:.\Generated_Source\PSoC4/Counter_1_PM.c **** *
 115:.\Generated_Source\PSoC4/Counter_1_PM.c **** * Parameters:  
 116:.\Generated_Source\PSoC4/Counter_1_PM.c **** *  void
 117:.\Generated_Source\PSoC4/Counter_1_PM.c **** *
 118:.\Generated_Source\PSoC4/Counter_1_PM.c **** * Return: 
 119:.\Generated_Source\PSoC4/Counter_1_PM.c **** *  void
 120:.\Generated_Source\PSoC4/Counter_1_PM.c **** *
 121:.\Generated_Source\PSoC4/Counter_1_PM.c **** * Global variables:
 122:.\Generated_Source\PSoC4/Counter_1_PM.c **** *  Counter_1_backup.enableState:  Is modified depending on the enable 
 123:.\Generated_Source\PSoC4/Counter_1_PM.c **** *  state of the block before entering sleep mode.
 124:.\Generated_Source\PSoC4/Counter_1_PM.c **** *
 125:.\Generated_Source\PSoC4/Counter_1_PM.c **** *******************************************************************************/
 126:.\Generated_Source\PSoC4/Counter_1_PM.c **** void Counter_1_Sleep(void) 
 127:.\Generated_Source\PSoC4/Counter_1_PM.c **** {
  99              		.loc 1 127 0
 100              		.cfi_startproc
 101 0000 80B5     		push	{r7, lr}
ARM GAS  C:\Users\TSUBAS~1\AppData\Local\Temp\ccpcnqDP.s 			page 5


 102              	.LCFI4:
 103              		.cfi_def_cfa_offset 8
 104              		.cfi_offset 7, -8
 105              		.cfi_offset 14, -4
 106 0002 00AF     		add	r7, sp, #0
 107              	.LCFI5:
 108              		.cfi_def_cfa_register 7
 128:.\Generated_Source\PSoC4/Counter_1_PM.c ****     #if(!Counter_1_ControlRegRemoved)
 129:.\Generated_Source\PSoC4/Counter_1_PM.c ****         /* Save Counter's enable state */
 130:.\Generated_Source\PSoC4/Counter_1_PM.c ****         if(Counter_1_CTRL_ENABLE == (Counter_1_CONTROL & Counter_1_CTRL_ENABLE))
 131:.\Generated_Source\PSoC4/Counter_1_PM.c ****         {
 132:.\Generated_Source\PSoC4/Counter_1_PM.c ****             /* Counter is enabled */
 133:.\Generated_Source\PSoC4/Counter_1_PM.c ****             Counter_1_backup.CounterEnableState = 1u;
 134:.\Generated_Source\PSoC4/Counter_1_PM.c ****         }
 135:.\Generated_Source\PSoC4/Counter_1_PM.c ****         else
 136:.\Generated_Source\PSoC4/Counter_1_PM.c ****         {
 137:.\Generated_Source\PSoC4/Counter_1_PM.c ****             /* Counter is disabled */
 138:.\Generated_Source\PSoC4/Counter_1_PM.c ****             Counter_1_backup.CounterEnableState = 0u;
 139:.\Generated_Source\PSoC4/Counter_1_PM.c ****         }
 140:.\Generated_Source\PSoC4/Counter_1_PM.c ****     #else
 141:.\Generated_Source\PSoC4/Counter_1_PM.c ****         Counter_1_backup.CounterEnableState = 1u;
 109              		.loc 1 141 0
 110 0004 074B     		ldr	r3, .L9
 111 0006 0122     		mov	r2, #1
 112 0008 1A70     		strb	r2, [r3]
 142:.\Generated_Source\PSoC4/Counter_1_PM.c ****         if(Counter_1_backup.CounterEnableState != 0u)
 113              		.loc 1 142 0
 114 000a 064B     		ldr	r3, .L9
 115 000c 1B78     		ldrb	r3, [r3]
 116 000e 002B     		cmp	r3, #0
 117 0010 02D0     		beq	.L8
 143:.\Generated_Source\PSoC4/Counter_1_PM.c ****         {
 144:.\Generated_Source\PSoC4/Counter_1_PM.c ****             Counter_1_backup.CounterEnableState = 0u;
 118              		.loc 1 144 0
 119 0012 044B     		ldr	r3, .L9
 120 0014 0022     		mov	r2, #0
 121 0016 1A70     		strb	r2, [r3]
 122              	.L8:
 145:.\Generated_Source\PSoC4/Counter_1_PM.c ****         }
 146:.\Generated_Source\PSoC4/Counter_1_PM.c ****     #endif /* (!Counter_1_ControlRegRemoved) */
 147:.\Generated_Source\PSoC4/Counter_1_PM.c ****     
 148:.\Generated_Source\PSoC4/Counter_1_PM.c ****     Counter_1_Stop();
 123              		.loc 1 148 0
 124 0018 FFF7FEFF 		bl	Counter_1_Stop
 149:.\Generated_Source\PSoC4/Counter_1_PM.c ****     Counter_1_SaveConfig();
 125              		.loc 1 149 0
 126 001c FFF7FEFF 		bl	Counter_1_SaveConfig
 150:.\Generated_Source\PSoC4/Counter_1_PM.c **** }
 127              		.loc 1 150 0
 128 0020 BD46     		mov	sp, r7
 129              		@ sp needed for prologue
 130 0022 80BD     		pop	{r7, pc}
 131              	.L10:
 132              		.align	2
 133              	.L9:
 134 0024 00000000 		.word	Counter_1_backup
 135              		.cfi_endproc
ARM GAS  C:\Users\TSUBAS~1\AppData\Local\Temp\ccpcnqDP.s 			page 6


 136              	.LFE2:
 137              		.size	Counter_1_Sleep, .-Counter_1_Sleep
 138              		.section	.text.Counter_1_Wakeup,"ax",%progbits
 139              		.align	2
 140              		.global	Counter_1_Wakeup
 141              		.code	16
 142              		.thumb_func
 143              		.type	Counter_1_Wakeup, %function
 144              	Counter_1_Wakeup:
 145              	.LFB3:
 151:.\Generated_Source\PSoC4/Counter_1_PM.c **** 
 152:.\Generated_Source\PSoC4/Counter_1_PM.c **** 
 153:.\Generated_Source\PSoC4/Counter_1_PM.c **** /*******************************************************************************
 154:.\Generated_Source\PSoC4/Counter_1_PM.c **** * Function Name: Counter_1_Wakeup
 155:.\Generated_Source\PSoC4/Counter_1_PM.c **** ********************************************************************************
 156:.\Generated_Source\PSoC4/Counter_1_PM.c **** *
 157:.\Generated_Source\PSoC4/Counter_1_PM.c **** * Summary:
 158:.\Generated_Source\PSoC4/Counter_1_PM.c **** *  Restores and enables the user configuration
 159:.\Generated_Source\PSoC4/Counter_1_PM.c **** *  
 160:.\Generated_Source\PSoC4/Counter_1_PM.c **** * Parameters:  
 161:.\Generated_Source\PSoC4/Counter_1_PM.c **** *  void
 162:.\Generated_Source\PSoC4/Counter_1_PM.c **** *
 163:.\Generated_Source\PSoC4/Counter_1_PM.c **** * Return: 
 164:.\Generated_Source\PSoC4/Counter_1_PM.c **** *  void
 165:.\Generated_Source\PSoC4/Counter_1_PM.c **** *
 166:.\Generated_Source\PSoC4/Counter_1_PM.c **** * Global variables:
 167:.\Generated_Source\PSoC4/Counter_1_PM.c **** *  Counter_1_backup.enableState:  Is used to restore the enable state of 
 168:.\Generated_Source\PSoC4/Counter_1_PM.c **** *  block on wakeup from sleep mode.
 169:.\Generated_Source\PSoC4/Counter_1_PM.c **** *
 170:.\Generated_Source\PSoC4/Counter_1_PM.c **** *******************************************************************************/
 171:.\Generated_Source\PSoC4/Counter_1_PM.c **** void Counter_1_Wakeup(void) 
 172:.\Generated_Source\PSoC4/Counter_1_PM.c **** {
 146              		.loc 1 172 0
 147              		.cfi_startproc
 148 0000 80B5     		push	{r7, lr}
 149              	.LCFI6:
 150              		.cfi_def_cfa_offset 8
 151              		.cfi_offset 7, -8
 152              		.cfi_offset 14, -4
 153 0002 00AF     		add	r7, sp, #0
 154              	.LCFI7:
 155              		.cfi_def_cfa_register 7
 173:.\Generated_Source\PSoC4/Counter_1_PM.c ****     Counter_1_RestoreConfig();
 156              		.loc 1 173 0
 157 0004 FFF7FEFF 		bl	Counter_1_RestoreConfig
 174:.\Generated_Source\PSoC4/Counter_1_PM.c ****     #if(!Counter_1_ControlRegRemoved)
 175:.\Generated_Source\PSoC4/Counter_1_PM.c ****         if(Counter_1_backup.CounterEnableState == 1u)
 176:.\Generated_Source\PSoC4/Counter_1_PM.c ****         {
 177:.\Generated_Source\PSoC4/Counter_1_PM.c ****             /* Enable Counter's operation */
 178:.\Generated_Source\PSoC4/Counter_1_PM.c ****             Counter_1_Enable();
 179:.\Generated_Source\PSoC4/Counter_1_PM.c ****         } /* Do nothing if Counter was disabled before */    
 180:.\Generated_Source\PSoC4/Counter_1_PM.c ****     #endif /* (!Counter_1_ControlRegRemoved) */
 181:.\Generated_Source\PSoC4/Counter_1_PM.c ****     
 182:.\Generated_Source\PSoC4/Counter_1_PM.c **** }
 158              		.loc 1 182 0
 159 0008 BD46     		mov	sp, r7
 160              		@ sp needed for prologue
ARM GAS  C:\Users\TSUBAS~1\AppData\Local\Temp\ccpcnqDP.s 			page 7


 161 000a 80BD     		pop	{r7, pc}
 162              		.cfi_endproc
 163              	.LFE3:
 164              		.size	Counter_1_Wakeup, .-Counter_1_Wakeup
 165              		.text
 166              	.Letext0:
 167              		.file 2 ".\\Generated_Source\\PSoC4\\Counter_1.h"
 168              		.file 3 ".\\Generated_Source\\PSoC4\\cytypes.h"
 169              		.section	.debug_info,"",%progbits
 170              	.Ldebug_info0:
 171 0000 2C010000 		.4byte	0x12c
 172 0004 0200     		.2byte	0x2
 173 0006 00000000 		.4byte	.Ldebug_abbrev0
 174 000a 04       		.byte	0x4
 175 000b 01       		.uleb128 0x1
 176 000c 51000000 		.4byte	.LASF21
 177 0010 01       		.byte	0x1
 178 0011 AB010000 		.4byte	.LASF22
 179 0015 DD000000 		.4byte	.LASF23
 180 0019 00000000 		.4byte	.Ldebug_ranges0+0
 181 001d 00000000 		.4byte	0
 182 0021 00000000 		.4byte	0
 183 0025 00000000 		.4byte	.Ldebug_line0
 184 0029 02       		.uleb128 0x2
 185 002a 01       		.byte	0x1
 186 002b 06       		.byte	0x6
 187 002c 8E010000 		.4byte	.LASF0
 188 0030 02       		.uleb128 0x2
 189 0031 01       		.byte	0x1
 190 0032 08       		.byte	0x8
 191 0033 CF000000 		.4byte	.LASF1
 192 0037 02       		.uleb128 0x2
 193 0038 02       		.byte	0x2
 194 0039 05       		.byte	0x5
 195 003a D3010000 		.4byte	.LASF2
 196 003e 02       		.uleb128 0x2
 197 003f 02       		.byte	0x2
 198 0040 07       		.byte	0x7
 199 0041 7B010000 		.4byte	.LASF3
 200 0045 02       		.uleb128 0x2
 201 0046 04       		.byte	0x4
 202 0047 05       		.byte	0x5
 203 0048 29010000 		.4byte	.LASF4
 204 004c 02       		.uleb128 0x2
 205 004d 04       		.byte	0x4
 206 004e 07       		.byte	0x7
 207 004f A0000000 		.4byte	.LASF5
 208 0053 02       		.uleb128 0x2
 209 0054 08       		.byte	0x8
 210 0055 05       		.byte	0x5
 211 0056 00000000 		.4byte	.LASF6
 212 005a 02       		.uleb128 0x2
 213 005b 08       		.byte	0x8
 214 005c 07       		.byte	0x7
 215 005d B2000000 		.4byte	.LASF7
 216 0061 03       		.uleb128 0x3
 217 0062 04       		.byte	0x4
ARM GAS  C:\Users\TSUBAS~1\AppData\Local\Temp\ccpcnqDP.s 			page 8


 218 0063 05       		.byte	0x5
 219 0064 696E7400 		.ascii	"int\000"
 220 0068 02       		.uleb128 0x2
 221 0069 04       		.byte	0x4
 222 006a 07       		.byte	0x7
 223 006b 0E000000 		.4byte	.LASF8
 224 006f 04       		.uleb128 0x4
 225 0070 9A000000 		.4byte	.LASF15
 226 0074 03       		.byte	0x3
 227 0075 5B       		.byte	0x5b
 228 0076 30000000 		.4byte	0x30
 229 007a 02       		.uleb128 0x2
 230 007b 04       		.byte	0x4
 231 007c 04       		.byte	0x4
 232 007d C9000000 		.4byte	.LASF9
 233 0081 02       		.uleb128 0x2
 234 0082 08       		.byte	0x8
 235 0083 04       		.byte	0x4
 236 0084 5D010000 		.4byte	.LASF10
 237 0088 02       		.uleb128 0x2
 238 0089 01       		.byte	0x1
 239 008a 08       		.byte	0x8
 240 008b 24010000 		.4byte	.LASF11
 241 008f 02       		.uleb128 0x2
 242 0090 04       		.byte	0x4
 243 0091 07       		.byte	0x7
 244 0092 E8010000 		.4byte	.LASF12
 245 0096 05       		.uleb128 0x5
 246 0097 02       		.byte	0x2
 247 0098 02       		.byte	0x2
 248 0099 38       		.byte	0x38
 249 009a BB000000 		.4byte	0xbb
 250 009e 06       		.uleb128 0x6
 251 009f 32010000 		.4byte	.LASF13
 252 00a3 02       		.byte	0x2
 253 00a4 3A       		.byte	0x3a
 254 00a5 6F000000 		.4byte	0x6f
 255 00a9 02       		.byte	0x2
 256 00aa 23       		.byte	0x23
 257 00ab 00       		.uleb128 0
 258 00ac 06       		.uleb128 0x6
 259 00ad DD010000 		.4byte	.LASF14
 260 00b1 02       		.byte	0x2
 261 00b2 3B       		.byte	0x3b
 262 00b3 6F000000 		.4byte	0x6f
 263 00b7 02       		.byte	0x2
 264 00b8 23       		.byte	0x23
 265 00b9 01       		.uleb128 0x1
 266 00ba 00       		.byte	0
 267 00bb 04       		.uleb128 0x4
 268 00bc 64010000 		.4byte	.LASF16
 269 00c0 02       		.byte	0x2
 270 00c1 47       		.byte	0x47
 271 00c2 96000000 		.4byte	0x96
 272 00c6 07       		.uleb128 0x7
 273 00c7 01       		.byte	0x1
 274 00c8 2C000000 		.4byte	.LASF17
ARM GAS  C:\Users\TSUBAS~1\AppData\Local\Temp\ccpcnqDP.s 			page 9


 275 00cc 01       		.byte	0x1
 276 00cd 2A       		.byte	0x2a
 277 00ce 01       		.byte	0x1
 278 00cf 00000000 		.4byte	.LFB0
 279 00d3 18000000 		.4byte	.LFE0
 280 00d7 00000000 		.4byte	.LLST0
 281 00db 01       		.byte	0x1
 282 00dc 07       		.uleb128 0x7
 283 00dd 01       		.byte	0x1
 284 00de 45010000 		.4byte	.LASF18
 285 00e2 01       		.byte	0x1
 286 00e3 50       		.byte	0x50
 287 00e4 01       		.byte	0x1
 288 00e5 00000000 		.4byte	.LFB1
 289 00e9 18000000 		.4byte	.LFE1
 290 00ed 2C000000 		.4byte	.LLST1
 291 00f1 01       		.byte	0x1
 292 00f2 07       		.uleb128 0x7
 293 00f3 01       		.byte	0x1
 294 00f4 41000000 		.4byte	.LASF19
 295 00f8 01       		.byte	0x1
 296 00f9 7E       		.byte	0x7e
 297 00fa 01       		.byte	0x1
 298 00fb 00000000 		.4byte	.LFB2
 299 00ff 28000000 		.4byte	.LFE2
 300 0103 58000000 		.4byte	.LLST2
 301 0107 01       		.byte	0x1
 302 0108 07       		.uleb128 0x7
 303 0109 01       		.byte	0x1
 304 010a 1B000000 		.4byte	.LASF20
 305 010e 01       		.byte	0x1
 306 010f AB       		.byte	0xab
 307 0110 01       		.byte	0x1
 308 0111 00000000 		.4byte	.LFB3
 309 0115 0C000000 		.4byte	.LFE3
 310 0119 84000000 		.4byte	.LLST3
 311 011d 01       		.byte	0x1
 312 011e 08       		.uleb128 0x8
 313 011f 9A010000 		.4byte	.LASF24
 314 0123 01       		.byte	0x1
 315 0124 15       		.byte	0x15
 316 0125 BB000000 		.4byte	0xbb
 317 0129 05       		.byte	0x5
 318 012a 03       		.byte	0x3
 319 012b 00000000 		.4byte	Counter_1_backup
 320 012f 00       		.byte	0
 321              		.section	.debug_abbrev,"",%progbits
 322              	.Ldebug_abbrev0:
 323 0000 01       		.uleb128 0x1
 324 0001 11       		.uleb128 0x11
 325 0002 01       		.byte	0x1
 326 0003 25       		.uleb128 0x25
 327 0004 0E       		.uleb128 0xe
 328 0005 13       		.uleb128 0x13
 329 0006 0B       		.uleb128 0xb
 330 0007 03       		.uleb128 0x3
 331 0008 0E       		.uleb128 0xe
ARM GAS  C:\Users\TSUBAS~1\AppData\Local\Temp\ccpcnqDP.s 			page 10


 332 0009 1B       		.uleb128 0x1b
 333 000a 0E       		.uleb128 0xe
 334 000b 55       		.uleb128 0x55
 335 000c 06       		.uleb128 0x6
 336 000d 11       		.uleb128 0x11
 337 000e 01       		.uleb128 0x1
 338 000f 52       		.uleb128 0x52
 339 0010 01       		.uleb128 0x1
 340 0011 10       		.uleb128 0x10
 341 0012 06       		.uleb128 0x6
 342 0013 00       		.byte	0
 343 0014 00       		.byte	0
 344 0015 02       		.uleb128 0x2
 345 0016 24       		.uleb128 0x24
 346 0017 00       		.byte	0
 347 0018 0B       		.uleb128 0xb
 348 0019 0B       		.uleb128 0xb
 349 001a 3E       		.uleb128 0x3e
 350 001b 0B       		.uleb128 0xb
 351 001c 03       		.uleb128 0x3
 352 001d 0E       		.uleb128 0xe
 353 001e 00       		.byte	0
 354 001f 00       		.byte	0
 355 0020 03       		.uleb128 0x3
 356 0021 24       		.uleb128 0x24
 357 0022 00       		.byte	0
 358 0023 0B       		.uleb128 0xb
 359 0024 0B       		.uleb128 0xb
 360 0025 3E       		.uleb128 0x3e
 361 0026 0B       		.uleb128 0xb
 362 0027 03       		.uleb128 0x3
 363 0028 08       		.uleb128 0x8
 364 0029 00       		.byte	0
 365 002a 00       		.byte	0
 366 002b 04       		.uleb128 0x4
 367 002c 16       		.uleb128 0x16
 368 002d 00       		.byte	0
 369 002e 03       		.uleb128 0x3
 370 002f 0E       		.uleb128 0xe
 371 0030 3A       		.uleb128 0x3a
 372 0031 0B       		.uleb128 0xb
 373 0032 3B       		.uleb128 0x3b
 374 0033 0B       		.uleb128 0xb
 375 0034 49       		.uleb128 0x49
 376 0035 13       		.uleb128 0x13
 377 0036 00       		.byte	0
 378 0037 00       		.byte	0
 379 0038 05       		.uleb128 0x5
 380 0039 13       		.uleb128 0x13
 381 003a 01       		.byte	0x1
 382 003b 0B       		.uleb128 0xb
 383 003c 0B       		.uleb128 0xb
 384 003d 3A       		.uleb128 0x3a
 385 003e 0B       		.uleb128 0xb
 386 003f 3B       		.uleb128 0x3b
 387 0040 0B       		.uleb128 0xb
 388 0041 01       		.uleb128 0x1
ARM GAS  C:\Users\TSUBAS~1\AppData\Local\Temp\ccpcnqDP.s 			page 11


 389 0042 13       		.uleb128 0x13
 390 0043 00       		.byte	0
 391 0044 00       		.byte	0
 392 0045 06       		.uleb128 0x6
 393 0046 0D       		.uleb128 0xd
 394 0047 00       		.byte	0
 395 0048 03       		.uleb128 0x3
 396 0049 0E       		.uleb128 0xe
 397 004a 3A       		.uleb128 0x3a
 398 004b 0B       		.uleb128 0xb
 399 004c 3B       		.uleb128 0x3b
 400 004d 0B       		.uleb128 0xb
 401 004e 49       		.uleb128 0x49
 402 004f 13       		.uleb128 0x13
 403 0050 38       		.uleb128 0x38
 404 0051 0A       		.uleb128 0xa
 405 0052 00       		.byte	0
 406 0053 00       		.byte	0
 407 0054 07       		.uleb128 0x7
 408 0055 2E       		.uleb128 0x2e
 409 0056 00       		.byte	0
 410 0057 3F       		.uleb128 0x3f
 411 0058 0C       		.uleb128 0xc
 412 0059 03       		.uleb128 0x3
 413 005a 0E       		.uleb128 0xe
 414 005b 3A       		.uleb128 0x3a
 415 005c 0B       		.uleb128 0xb
 416 005d 3B       		.uleb128 0x3b
 417 005e 0B       		.uleb128 0xb
 418 005f 27       		.uleb128 0x27
 419 0060 0C       		.uleb128 0xc
 420 0061 11       		.uleb128 0x11
 421 0062 01       		.uleb128 0x1
 422 0063 12       		.uleb128 0x12
 423 0064 01       		.uleb128 0x1
 424 0065 40       		.uleb128 0x40
 425 0066 06       		.uleb128 0x6
 426 0067 9642     		.uleb128 0x2116
 427 0069 0C       		.uleb128 0xc
 428 006a 00       		.byte	0
 429 006b 00       		.byte	0
 430 006c 08       		.uleb128 0x8
 431 006d 34       		.uleb128 0x34
 432 006e 00       		.byte	0
 433 006f 03       		.uleb128 0x3
 434 0070 0E       		.uleb128 0xe
 435 0071 3A       		.uleb128 0x3a
 436 0072 0B       		.uleb128 0xb
 437 0073 3B       		.uleb128 0x3b
 438 0074 0B       		.uleb128 0xb
 439 0075 49       		.uleb128 0x49
 440 0076 13       		.uleb128 0x13
 441 0077 02       		.uleb128 0x2
 442 0078 0A       		.uleb128 0xa
 443 0079 00       		.byte	0
 444 007a 00       		.byte	0
 445 007b 00       		.byte	0
ARM GAS  C:\Users\TSUBAS~1\AppData\Local\Temp\ccpcnqDP.s 			page 12


 446              		.section	.debug_loc,"",%progbits
 447              	.Ldebug_loc0:
 448              	.LLST0:
 449 0000 00000000 		.4byte	.LFB0
 450 0004 02000000 		.4byte	.LCFI0
 451 0008 0200     		.2byte	0x2
 452 000a 7D       		.byte	0x7d
 453 000b 00       		.sleb128 0
 454 000c 02000000 		.4byte	.LCFI0
 455 0010 04000000 		.4byte	.LCFI1
 456 0014 0200     		.2byte	0x2
 457 0016 7D       		.byte	0x7d
 458 0017 08       		.sleb128 8
 459 0018 04000000 		.4byte	.LCFI1
 460 001c 18000000 		.4byte	.LFE0
 461 0020 0200     		.2byte	0x2
 462 0022 77       		.byte	0x77
 463 0023 08       		.sleb128 8
 464 0024 00000000 		.4byte	0
 465 0028 00000000 		.4byte	0
 466              	.LLST1:
 467 002c 00000000 		.4byte	.LFB1
 468 0030 02000000 		.4byte	.LCFI2
 469 0034 0200     		.2byte	0x2
 470 0036 7D       		.byte	0x7d
 471 0037 00       		.sleb128 0
 472 0038 02000000 		.4byte	.LCFI2
 473 003c 04000000 		.4byte	.LCFI3
 474 0040 0200     		.2byte	0x2
 475 0042 7D       		.byte	0x7d
 476 0043 08       		.sleb128 8
 477 0044 04000000 		.4byte	.LCFI3
 478 0048 18000000 		.4byte	.LFE1
 479 004c 0200     		.2byte	0x2
 480 004e 77       		.byte	0x77
 481 004f 08       		.sleb128 8
 482 0050 00000000 		.4byte	0
 483 0054 00000000 		.4byte	0
 484              	.LLST2:
 485 0058 00000000 		.4byte	.LFB2
 486 005c 02000000 		.4byte	.LCFI4
 487 0060 0200     		.2byte	0x2
 488 0062 7D       		.byte	0x7d
 489 0063 00       		.sleb128 0
 490 0064 02000000 		.4byte	.LCFI4
 491 0068 04000000 		.4byte	.LCFI5
 492 006c 0200     		.2byte	0x2
 493 006e 7D       		.byte	0x7d
 494 006f 08       		.sleb128 8
 495 0070 04000000 		.4byte	.LCFI5
 496 0074 28000000 		.4byte	.LFE2
 497 0078 0200     		.2byte	0x2
 498 007a 77       		.byte	0x77
 499 007b 08       		.sleb128 8
 500 007c 00000000 		.4byte	0
 501 0080 00000000 		.4byte	0
 502              	.LLST3:
ARM GAS  C:\Users\TSUBAS~1\AppData\Local\Temp\ccpcnqDP.s 			page 13


 503 0084 00000000 		.4byte	.LFB3
 504 0088 02000000 		.4byte	.LCFI6
 505 008c 0200     		.2byte	0x2
 506 008e 7D       		.byte	0x7d
 507 008f 00       		.sleb128 0
 508 0090 02000000 		.4byte	.LCFI6
 509 0094 04000000 		.4byte	.LCFI7
 510 0098 0200     		.2byte	0x2
 511 009a 7D       		.byte	0x7d
 512 009b 08       		.sleb128 8
 513 009c 04000000 		.4byte	.LCFI7
 514 00a0 0C000000 		.4byte	.LFE3
 515 00a4 0200     		.2byte	0x2
 516 00a6 77       		.byte	0x77
 517 00a7 08       		.sleb128 8
 518 00a8 00000000 		.4byte	0
 519 00ac 00000000 		.4byte	0
 520              		.section	.debug_aranges,"",%progbits
 521 0000 34000000 		.4byte	0x34
 522 0004 0200     		.2byte	0x2
 523 0006 00000000 		.4byte	.Ldebug_info0
 524 000a 04       		.byte	0x4
 525 000b 00       		.byte	0
 526 000c 0000     		.2byte	0
 527 000e 0000     		.2byte	0
 528 0010 00000000 		.4byte	.LFB0
 529 0014 18000000 		.4byte	.LFE0-.LFB0
 530 0018 00000000 		.4byte	.LFB1
 531 001c 18000000 		.4byte	.LFE1-.LFB1
 532 0020 00000000 		.4byte	.LFB2
 533 0024 28000000 		.4byte	.LFE2-.LFB2
 534 0028 00000000 		.4byte	.LFB3
 535 002c 0C000000 		.4byte	.LFE3-.LFB3
 536 0030 00000000 		.4byte	0
 537 0034 00000000 		.4byte	0
 538              		.section	.debug_ranges,"",%progbits
 539              	.Ldebug_ranges0:
 540 0000 00000000 		.4byte	.LFB0
 541 0004 18000000 		.4byte	.LFE0
 542 0008 00000000 		.4byte	.LFB1
 543 000c 18000000 		.4byte	.LFE1
 544 0010 00000000 		.4byte	.LFB2
 545 0014 28000000 		.4byte	.LFE2
 546 0018 00000000 		.4byte	.LFB3
 547 001c 0C000000 		.4byte	.LFE3
 548 0020 00000000 		.4byte	0
 549 0024 00000000 		.4byte	0
 550              		.section	.debug_line,"",%progbits
 551              	.Ldebug_line0:
 552 0000 B3000000 		.section	.debug_str,"MS",%progbits,1
 552      02005A00 
 552      00000201 
 552      FB0E0D00 
 552      01010101 
 553              	.LASF6:
 554 0000 6C6F6E67 		.ascii	"long long int\000"
 554      206C6F6E 
ARM GAS  C:\Users\TSUBAS~1\AppData\Local\Temp\ccpcnqDP.s 			page 14


 554      6720696E 
 554      7400
 555              	.LASF8:
 556 000e 756E7369 		.ascii	"unsigned int\000"
 556      676E6564 
 556      20696E74 
 556      00
 557              	.LASF20:
 558 001b 436F756E 		.ascii	"Counter_1_Wakeup\000"
 558      7465725F 
 558      315F5761 
 558      6B657570 
 558      00
 559              	.LASF17:
 560 002c 436F756E 		.ascii	"Counter_1_SaveConfig\000"
 560      7465725F 
 560      315F5361 
 560      7665436F 
 560      6E666967 
 561              	.LASF19:
 562 0041 436F756E 		.ascii	"Counter_1_Sleep\000"
 562      7465725F 
 562      315F536C 
 562      65657000 
 563              	.LASF21:
 564 0051 474E5520 		.ascii	"GNU C 4.7.3 20130312 (release) [ARM/embedded-4_7-br"
 564      4320342E 
 564      372E3320 
 564      32303133 
 564      30333132 
 565 0084 616E6368 		.ascii	"anch revision 196615]\000"
 565      20726576 
 565      6973696F 
 565      6E203139 
 565      36363135 
 566              	.LASF15:
 567 009a 75696E74 		.ascii	"uint8\000"
 567      3800
 568              	.LASF5:
 569 00a0 6C6F6E67 		.ascii	"long unsigned int\000"
 569      20756E73 
 569      69676E65 
 569      6420696E 
 569      7400
 570              	.LASF7:
 571 00b2 6C6F6E67 		.ascii	"long long unsigned int\000"
 571      206C6F6E 
 571      6720756E 
 571      7369676E 
 571      65642069 
 572              	.LASF9:
 573 00c9 666C6F61 		.ascii	"float\000"
 573      7400
 574              	.LASF1:
 575 00cf 756E7369 		.ascii	"unsigned char\000"
 575      676E6564 
 575      20636861 
ARM GAS  C:\Users\TSUBAS~1\AppData\Local\Temp\ccpcnqDP.s 			page 15


 575      7200
 576              	.LASF23:
 577 00dd 433A5C55 		.ascii	"C:\\Users\\Tsubasa Maruyama\\Documents\\PSoC Creato"
 577      73657273 
 577      5C547375 
 577      62617361 
 577      204D6172 
 578 010c 725C4C74 		.ascii	"r\\Lticker\\Lticker.cydsn\000"
 578      69636B65 
 578      725C4C74 
 578      69636B65 
 578      722E6379 
 579              	.LASF11:
 580 0124 63686172 		.ascii	"char\000"
 580      00
 581              	.LASF4:
 582 0129 6C6F6E67 		.ascii	"long int\000"
 582      20696E74 
 582      00
 583              	.LASF13:
 584 0132 436F756E 		.ascii	"CounterEnableState\000"
 584      74657245 
 584      6E61626C 
 584      65537461 
 584      746500
 585              	.LASF18:
 586 0145 436F756E 		.ascii	"Counter_1_RestoreConfig\000"
 586      7465725F 
 586      315F5265 
 586      73746F72 
 586      65436F6E 
 587              	.LASF10:
 588 015d 646F7562 		.ascii	"double\000"
 588      6C6500
 589              	.LASF16:
 590 0164 436F756E 		.ascii	"Counter_1_backupStruct\000"
 590      7465725F 
 590      315F6261 
 590      636B7570 
 590      53747275 
 591              	.LASF3:
 592 017b 73686F72 		.ascii	"short unsigned int\000"
 592      7420756E 
 592      7369676E 
 592      65642069 
 592      6E7400
 593              	.LASF0:
 594 018e 7369676E 		.ascii	"signed char\000"
 594      65642063 
 594      68617200 
 595              	.LASF24:
 596 019a 436F756E 		.ascii	"Counter_1_backup\000"
 596      7465725F 
 596      315F6261 
 596      636B7570 
 596      00
 597              	.LASF22:
ARM GAS  C:\Users\TSUBAS~1\AppData\Local\Temp\ccpcnqDP.s 			page 16


 598 01ab 2E5C4765 		.ascii	".\\Generated_Source\\PSoC4\\Counter_1_PM.c\000"
 598      6E657261 
 598      7465645F 
 598      536F7572 
 598      63655C50 
 599              	.LASF2:
 600 01d3 73686F72 		.ascii	"short int\000"
 600      7420696E 
 600      7400
 601              	.LASF14:
 602 01dd 436F756E 		.ascii	"CounterUdb\000"
 602      74657255 
 602      646200
 603              	.LASF12:
 604 01e8 73697A65 		.ascii	"sizetype\000"
 604      74797065 
 604      00
 605              		.ident	"GCC: (GNU Tools for ARM Embedded Processors) 4.7.3 20130312 (release) [ARM/embedded-4_7-br
