ARM GAS  C:\Users\TSUBAS~1\AppData\Local\Temp\cc0cgqDs.s 			page 1


   1              		.cpu cortex-m0
   2              		.fpu softvfp
   3              		.eabi_attribute 20, 1
   4              		.eabi_attribute 21, 1
   5              		.eabi_attribute 23, 3
   6              		.eabi_attribute 24, 1
   7              		.eabi_attribute 25, 1
   8              		.eabi_attribute 26, 1
   9              		.eabi_attribute 30, 6
  10              		.eabi_attribute 34, 0
  11              		.eabi_attribute 18, 4
  12              		.code	16
  13              		.file	"WS2812driver_1_WS2812driver.c"
  14              		.text
  15              	.Ltext0:
  16              		.cfi_sections	.debug_frame
  17              		.section	.text.WS2812driver_1_write2fifo,"ax",%progbits
  18              		.align	2
  19              		.global	WS2812driver_1_write2fifo
  20              		.code	16
  21              		.thumb_func
  22              		.type	WS2812driver_1_write2fifo, %function
  23              	WS2812driver_1_write2fifo:
  24              	.LFB0:
  25              		.file 1 ".\\Generated_Source\\PSoC4\\WS2812driver_1_WS2812driver.c"
   1:.\Generated_Source\PSoC4/WS2812driver_1_WS2812driver.c **** /* ========================================
   2:.\Generated_Source\PSoC4/WS2812driver_1_WS2812driver.c ****  *
   3:.\Generated_Source\PSoC4/WS2812driver_1_WS2812driver.c ****  * Copyright YOUR COMPANY, THE YEAR
   4:.\Generated_Source\PSoC4/WS2812driver_1_WS2812driver.c ****  * All Rights Reserved
   5:.\Generated_Source\PSoC4/WS2812driver_1_WS2812driver.c ****  * UNPUBLISHED, LICENSED SOFTWARE.
   6:.\Generated_Source\PSoC4/WS2812driver_1_WS2812driver.c ****  *
   7:.\Generated_Source\PSoC4/WS2812driver_1_WS2812driver.c ****  * CONFIDENTIAL AND PROPRIETARY INFORMATION
   8:.\Generated_Source\PSoC4/WS2812driver_1_WS2812driver.c ****  * WHICH IS THE PROPERTY OF your company.
   9:.\Generated_Source\PSoC4/WS2812driver_1_WS2812driver.c ****  *
  10:.\Generated_Source\PSoC4/WS2812driver_1_WS2812driver.c ****  * ========================================
  11:.\Generated_Source\PSoC4/WS2812driver_1_WS2812driver.c **** */
  12:.\Generated_Source\PSoC4/WS2812driver_1_WS2812driver.c **** void WS2812driver_1_write2fifo(unsigned char* buff, unsigned char len){
  26              		.loc 1 12 0
  27              		.cfi_startproc
  28 0000 80B5     		push	{r7, lr}
  29              	.LCFI0:
  30              		.cfi_def_cfa_offset 8
  31              		.cfi_offset 7, -8
  32              		.cfi_offset 14, -4
  33 0002 82B0     		sub	sp, sp, #8
  34              	.LCFI1:
  35              		.cfi_def_cfa_offset 16
  36 0004 00AF     		add	r7, sp, #0
  37              	.LCFI2:
  38              		.cfi_def_cfa_register 7
  39 0006 7860     		str	r0, [r7, #4]
  40 0008 0A1C     		mov	r2, r1
  41 000a FB1C     		add	r3, r7, #3
  42 000c 1A70     		strb	r2, [r3]
  13:.\Generated_Source\PSoC4/WS2812driver_1_WS2812driver.c ****     ;
  14:.\Generated_Source\PSoC4/WS2812driver_1_WS2812driver.c **** }
  43              		.loc 1 14 0
ARM GAS  C:\Users\TSUBAS~1\AppData\Local\Temp\cc0cgqDs.s 			page 2


  44 000e BD46     		mov	sp, r7
  45 0010 02B0     		add	sp, sp, #8
  46              		@ sp needed for prologue
  47 0012 80BD     		pop	{r7, pc}
  48              		.cfi_endproc
  49              	.LFE0:
  50              		.size	WS2812driver_1_write2fifo, .-WS2812driver_1_write2fifo
  51              		.text
  52              	.Letext0:
  53              		.section	.debug_info,"",%progbits
  54              	.Ldebug_info0:
  55 0000 6A000000 		.4byte	0x6a
  56 0004 0200     		.2byte	0x2
  57 0006 00000000 		.4byte	.Ldebug_abbrev0
  58 000a 04       		.byte	0x4
  59 000b 01       		.uleb128 0x1
  60 000c 98000000 		.4byte	.LASF1
  61 0010 01       		.byte	0x1
  62 0011 00000000 		.4byte	.LASF2
  63 0015 51000000 		.4byte	.LASF3
  64 0019 00000000 		.4byte	.Ldebug_ranges0+0
  65 001d 00000000 		.4byte	0
  66 0021 00000000 		.4byte	0
  67 0025 00000000 		.4byte	.Ldebug_line0
  68 0029 02       		.uleb128 0x2
  69 002a 01       		.byte	0x1
  70 002b 37000000 		.4byte	.LASF4
  71 002f 01       		.byte	0x1
  72 0030 0C       		.byte	0xc
  73 0031 01       		.byte	0x1
  74 0032 00000000 		.4byte	.LFB0
  75 0036 14000000 		.4byte	.LFE0
  76 003a 00000000 		.4byte	.LLST0
  77 003e 01       		.byte	0x1
  78 003f 60000000 		.4byte	0x60
  79 0043 03       		.uleb128 0x3
  80 0044 EF000000 		.4byte	.LASF0
  81 0048 01       		.byte	0x1
  82 0049 0C       		.byte	0xc
  83 004a 60000000 		.4byte	0x60
  84 004e 02       		.byte	0x2
  85 004f 91       		.byte	0x91
  86 0050 74       		.sleb128 -12
  87 0051 04       		.uleb128 0x4
  88 0052 6C656E00 		.ascii	"len\000"
  89 0056 01       		.byte	0x1
  90 0057 0C       		.byte	0xc
  91 0058 66000000 		.4byte	0x66
  92 005c 02       		.byte	0x2
  93 005d 91       		.byte	0x91
  94 005e 73       		.sleb128 -13
  95 005f 00       		.byte	0
  96 0060 05       		.uleb128 0x5
  97 0061 04       		.byte	0x4
  98 0062 66000000 		.4byte	0x66
  99 0066 06       		.uleb128 0x6
 100 0067 01       		.byte	0x1
ARM GAS  C:\Users\TSUBAS~1\AppData\Local\Temp\cc0cgqDs.s 			page 3


 101 0068 08       		.byte	0x8
 102 0069 E1000000 		.4byte	.LASF5
 103 006d 00       		.byte	0
 104              		.section	.debug_abbrev,"",%progbits
 105              	.Ldebug_abbrev0:
 106 0000 01       		.uleb128 0x1
 107 0001 11       		.uleb128 0x11
 108 0002 01       		.byte	0x1
 109 0003 25       		.uleb128 0x25
 110 0004 0E       		.uleb128 0xe
 111 0005 13       		.uleb128 0x13
 112 0006 0B       		.uleb128 0xb
 113 0007 03       		.uleb128 0x3
 114 0008 0E       		.uleb128 0xe
 115 0009 1B       		.uleb128 0x1b
 116 000a 0E       		.uleb128 0xe
 117 000b 55       		.uleb128 0x55
 118 000c 06       		.uleb128 0x6
 119 000d 11       		.uleb128 0x11
 120 000e 01       		.uleb128 0x1
 121 000f 52       		.uleb128 0x52
 122 0010 01       		.uleb128 0x1
 123 0011 10       		.uleb128 0x10
 124 0012 06       		.uleb128 0x6
 125 0013 00       		.byte	0
 126 0014 00       		.byte	0
 127 0015 02       		.uleb128 0x2
 128 0016 2E       		.uleb128 0x2e
 129 0017 01       		.byte	0x1
 130 0018 3F       		.uleb128 0x3f
 131 0019 0C       		.uleb128 0xc
 132 001a 03       		.uleb128 0x3
 133 001b 0E       		.uleb128 0xe
 134 001c 3A       		.uleb128 0x3a
 135 001d 0B       		.uleb128 0xb
 136 001e 3B       		.uleb128 0x3b
 137 001f 0B       		.uleb128 0xb
 138 0020 27       		.uleb128 0x27
 139 0021 0C       		.uleb128 0xc
 140 0022 11       		.uleb128 0x11
 141 0023 01       		.uleb128 0x1
 142 0024 12       		.uleb128 0x12
 143 0025 01       		.uleb128 0x1
 144 0026 40       		.uleb128 0x40
 145 0027 06       		.uleb128 0x6
 146 0028 9742     		.uleb128 0x2117
 147 002a 0C       		.uleb128 0xc
 148 002b 01       		.uleb128 0x1
 149 002c 13       		.uleb128 0x13
 150 002d 00       		.byte	0
 151 002e 00       		.byte	0
 152 002f 03       		.uleb128 0x3
 153 0030 05       		.uleb128 0x5
 154 0031 00       		.byte	0
 155 0032 03       		.uleb128 0x3
 156 0033 0E       		.uleb128 0xe
 157 0034 3A       		.uleb128 0x3a
ARM GAS  C:\Users\TSUBAS~1\AppData\Local\Temp\cc0cgqDs.s 			page 4


 158 0035 0B       		.uleb128 0xb
 159 0036 3B       		.uleb128 0x3b
 160 0037 0B       		.uleb128 0xb
 161 0038 49       		.uleb128 0x49
 162 0039 13       		.uleb128 0x13
 163 003a 02       		.uleb128 0x2
 164 003b 0A       		.uleb128 0xa
 165 003c 00       		.byte	0
 166 003d 00       		.byte	0
 167 003e 04       		.uleb128 0x4
 168 003f 05       		.uleb128 0x5
 169 0040 00       		.byte	0
 170 0041 03       		.uleb128 0x3
 171 0042 08       		.uleb128 0x8
 172 0043 3A       		.uleb128 0x3a
 173 0044 0B       		.uleb128 0xb
 174 0045 3B       		.uleb128 0x3b
 175 0046 0B       		.uleb128 0xb
 176 0047 49       		.uleb128 0x49
 177 0048 13       		.uleb128 0x13
 178 0049 02       		.uleb128 0x2
 179 004a 0A       		.uleb128 0xa
 180 004b 00       		.byte	0
 181 004c 00       		.byte	0
 182 004d 05       		.uleb128 0x5
 183 004e 0F       		.uleb128 0xf
 184 004f 00       		.byte	0
 185 0050 0B       		.uleb128 0xb
 186 0051 0B       		.uleb128 0xb
 187 0052 49       		.uleb128 0x49
 188 0053 13       		.uleb128 0x13
 189 0054 00       		.byte	0
 190 0055 00       		.byte	0
 191 0056 06       		.uleb128 0x6
 192 0057 24       		.uleb128 0x24
 193 0058 00       		.byte	0
 194 0059 0B       		.uleb128 0xb
 195 005a 0B       		.uleb128 0xb
 196 005b 3E       		.uleb128 0x3e
 197 005c 0B       		.uleb128 0xb
 198 005d 03       		.uleb128 0x3
 199 005e 0E       		.uleb128 0xe
 200 005f 00       		.byte	0
 201 0060 00       		.byte	0
 202 0061 00       		.byte	0
 203              		.section	.debug_loc,"",%progbits
 204              	.Ldebug_loc0:
 205              	.LLST0:
 206 0000 00000000 		.4byte	.LFB0
 207 0004 02000000 		.4byte	.LCFI0
 208 0008 0200     		.2byte	0x2
 209 000a 7D       		.byte	0x7d
 210 000b 00       		.sleb128 0
 211 000c 02000000 		.4byte	.LCFI0
 212 0010 04000000 		.4byte	.LCFI1
 213 0014 0200     		.2byte	0x2
 214 0016 7D       		.byte	0x7d
ARM GAS  C:\Users\TSUBAS~1\AppData\Local\Temp\cc0cgqDs.s 			page 5


 215 0017 08       		.sleb128 8
 216 0018 04000000 		.4byte	.LCFI1
 217 001c 06000000 		.4byte	.LCFI2
 218 0020 0200     		.2byte	0x2
 219 0022 7D       		.byte	0x7d
 220 0023 10       		.sleb128 16
 221 0024 06000000 		.4byte	.LCFI2
 222 0028 14000000 		.4byte	.LFE0
 223 002c 0200     		.2byte	0x2
 224 002e 77       		.byte	0x77
 225 002f 10       		.sleb128 16
 226 0030 00000000 		.4byte	0
 227 0034 00000000 		.4byte	0
 228              		.section	.debug_aranges,"",%progbits
 229 0000 1C000000 		.4byte	0x1c
 230 0004 0200     		.2byte	0x2
 231 0006 00000000 		.4byte	.Ldebug_info0
 232 000a 04       		.byte	0x4
 233 000b 00       		.byte	0
 234 000c 0000     		.2byte	0
 235 000e 0000     		.2byte	0
 236 0010 00000000 		.4byte	.LFB0
 237 0014 14000000 		.4byte	.LFE0-.LFB0
 238 0018 00000000 		.4byte	0
 239 001c 00000000 		.4byte	0
 240              		.section	.debug_ranges,"",%progbits
 241              	.Ldebug_ranges0:
 242 0000 00000000 		.4byte	.LFB0
 243 0004 14000000 		.4byte	.LFE0
 244 0008 00000000 		.4byte	0
 245 000c 00000000 		.4byte	0
 246              		.section	.debug_line,"",%progbits
 247              	.Ldebug_line0:
 248 0000 63000000 		.section	.debug_str,"MS",%progbits,1
 248      02004D00 
 248      00000201 
 248      FB0E0D00 
 248      01010101 
 249              	.LASF2:
 250 0000 2E5C4765 		.ascii	".\\Generated_Source\\PSoC4\\WS2812driver_1_WS2812dr"
 250      6E657261 
 250      7465645F 
 250      536F7572 
 250      63655C50 
 251 0030 69766572 		.ascii	"iver.c\000"
 251      2E6300
 252              	.LASF4:
 253 0037 57533238 		.ascii	"WS2812driver_1_write2fifo\000"
 253      31326472 
 253      69766572 
 253      5F315F77 
 253      72697465 
 254              	.LASF3:
 255 0051 433A5C55 		.ascii	"C:\\Users\\Tsubasa Maruyama\\Documents\\PSoC Creato"
 255      73657273 
 255      5C547375 
 255      62617361 
ARM GAS  C:\Users\TSUBAS~1\AppData\Local\Temp\cc0cgqDs.s 			page 6


 255      204D6172 
 256 0080 725C4C74 		.ascii	"r\\Lticker\\Lticker.cydsn\000"
 256      69636B65 
 256      725C4C74 
 256      69636B65 
 256      722E6379 
 257              	.LASF1:
 258 0098 474E5520 		.ascii	"GNU C 4.7.3 20130312 (release) [ARM/embedded-4_7-br"
 258      4320342E 
 258      372E3320 
 258      32303133 
 258      30333132 
 259 00cb 616E6368 		.ascii	"anch revision 196615]\000"
 259      20726576 
 259      6973696F 
 259      6E203139 
 259      36363135 
 260              	.LASF5:
 261 00e1 756E7369 		.ascii	"unsigned char\000"
 261      676E6564 
 261      20636861 
 261      7200
 262              	.LASF0:
 263 00ef 62756666 		.ascii	"buff\000"
 263      00
 264              		.ident	"GCC: (GNU Tools for ARM Embedded Processors) 4.7.3 20130312 (release) [ARM/embedded-4_7-br
