ARM GAS  C:\Users\TSUBAS~1\AppData\Local\Temp\ccXIwqcP.s 			page 1


   1              		.cpu cortex-m0
   2              		.fpu softvfp
   3              		.eabi_attribute 20, 1
   4              		.eabi_attribute 21, 1
   5              		.eabi_attribute 23, 3
   6              		.eabi_attribute 24, 1
   7              		.eabi_attribute 25, 1
   8              		.eabi_attribute 26, 1
   9              		.eabi_attribute 30, 6
  10              		.eabi_attribute 34, 0
  11              		.eabi_attribute 18, 4
  12              		.code	16
  13              		.file	"WS2812driver_1.c"
  14              		.text
  15              	.Ltext0:
  16              		.cfi_sections	.debug_frame
  17              		.section	.text.WS2812driver_1_write_byte,"ax",%progbits
  18              		.align	2
  19              		.global	WS2812driver_1_write_byte
  20              		.code	16
  21              		.thumb_func
  22              		.type	WS2812driver_1_write_byte, %function
  23              	WS2812driver_1_write_byte:
  24              	.LFB0:
  25              		.file 1 ".\\Generated_Source\\PSoC4\\WS2812driver_1.c"
   1:.\Generated_Source\PSoC4/WS2812driver_1.c **** /* ========================================
   2:.\Generated_Source\PSoC4/WS2812driver_1.c ****  * File Name: WS2812driver_1.c  
   3:.\Generated_Source\PSoC4/WS2812driver_1.c ****  * Version 1.0
   4:.\Generated_Source\PSoC4/WS2812driver_1.c ****  * Copyright betaEncoder, 2014
   5:.\Generated_Source\PSoC4/WS2812driver_1.c ****  * All Rights Reserved
   6:.\Generated_Source\PSoC4/WS2812driver_1.c ****  * This software is released under the MIT License, see LICENSE.txt.
   7:.\Generated_Source\PSoC4/WS2812driver_1.c ****  * ========================================
   8:.\Generated_Source\PSoC4/WS2812driver_1.c **** */
   9:.\Generated_Source\PSoC4/WS2812driver_1.c **** 
  10:.\Generated_Source\PSoC4/WS2812driver_1.c **** #include <cytypes.h>
  11:.\Generated_Source\PSoC4/WS2812driver_1.c **** #include <WS2812driver_1.h>
  12:.\Generated_Source\PSoC4/WS2812driver_1.c **** 
  13:.\Generated_Source\PSoC4/WS2812driver_1.c **** /*******************************************************************************
  14:.\Generated_Source\PSoC4/WS2812driver_1.c **** * Function Name: WS2812driver_1_write_byte
  15:.\Generated_Source\PSoC4/WS2812driver_1.c **** ********************************************************************************
  16:.\Generated_Source\PSoC4/WS2812driver_1.c **** *
  17:.\Generated_Source\PSoC4/WS2812driver_1.c **** * Summary:
  18:.\Generated_Source\PSoC4/WS2812driver_1.c **** *  Write a new value to the FIFO F0 or F1 in datapath.
  19:.\Generated_Source\PSoC4/WS2812driver_1.c **** *  Usually, private function.
  20:.\Generated_Source\PSoC4/WS2812driver_1.c **** *
  21:.\Generated_Source\PSoC4/WS2812driver_1.c **** * Parameters:  
  22:.\Generated_Source\PSoC4/WS2812driver_1.c **** *  buff:  The value to be written to the FIFO.
  23:.\Generated_Source\PSoC4/WS2812driver_1.c **** *  fifo:  The number of FIFO.
  24:.\Generated_Source\PSoC4/WS2812driver_1.c **** *
  25:.\Generated_Source\PSoC4/WS2812driver_1.c **** * Return: 
  26:.\Generated_Source\PSoC4/WS2812driver_1.c **** *  None 
  27:.\Generated_Source\PSoC4/WS2812driver_1.c **** *  
  28:.\Generated_Source\PSoC4/WS2812driver_1.c **** *******************************************************************************/
  29:.\Generated_Source\PSoC4/WS2812driver_1.c **** inline void WS2812driver_1_write_byte(unsigned char buff, unsigned char fifo){
  26              		.loc 1 29 0
  27              		.cfi_startproc
  28 0000 80B5     		push	{r7, lr}
ARM GAS  C:\Users\TSUBAS~1\AppData\Local\Temp\ccXIwqcP.s 			page 2


  29              	.LCFI0:
  30              		.cfi_def_cfa_offset 8
  31              		.cfi_offset 7, -8
  32              		.cfi_offset 14, -4
  33 0002 82B0     		sub	sp, sp, #8
  34              	.LCFI1:
  35              		.cfi_def_cfa_offset 16
  36 0004 00AF     		add	r7, sp, #0
  37              	.LCFI2:
  38              		.cfi_def_cfa_register 7
  39 0006 0A1C     		mov	r2, r1
  40 0008 FB1D     		add	r3, r7, #7
  41 000a 011C     		add	r1, r0, #0
  42 000c 1970     		strb	r1, [r3]
  43 000e BB1D     		add	r3, r7, #6
  44 0010 1A70     		strb	r2, [r3]
  30:.\Generated_Source\PSoC4/WS2812driver_1.c ****     if(fifo==0){
  45              		.loc 1 30 0
  46 0012 BB1D     		add	r3, r7, #6
  47 0014 1B78     		ldrb	r3, [r3]
  48 0016 002B     		cmp	r3, #0
  49 0018 04D1     		bne	.L2
  31:.\Generated_Source\PSoC4/WS2812driver_1.c ****         CY_SET_REG8(WS2812driver_1_shifter_u0__F0_REG, buff);
  50              		.loc 1 31 0
  51 001a 064B     		ldr	r3, .L4
  52 001c FA1D     		add	r2, r7, #7
  53 001e 1278     		ldrb	r2, [r2]
  54 0020 1A70     		strb	r2, [r3]
  55 0022 03E0     		b	.L1
  56              	.L2:
  32:.\Generated_Source\PSoC4/WS2812driver_1.c ****     }else{
  33:.\Generated_Source\PSoC4/WS2812driver_1.c ****         CY_SET_REG8(WS2812driver_1_shifter_u0__F1_REG, buff);
  57              		.loc 1 33 0
  58 0024 044B     		ldr	r3, .L4+4
  59 0026 FA1D     		add	r2, r7, #7
  60 0028 1278     		ldrb	r2, [r2]
  61 002a 1A70     		strb	r2, [r3]
  62              	.L1:
  34:.\Generated_Source\PSoC4/WS2812driver_1.c ****     }
  35:.\Generated_Source\PSoC4/WS2812driver_1.c **** }
  63              		.loc 1 35 0
  64 002c BD46     		mov	sp, r7
  65 002e 02B0     		add	sp, sp, #8
  66              		@ sp needed for prologue
  67 0030 80BD     		pop	{r7, pc}
  68              	.L5:
  69 0032 C046     		.align	2
  70              	.L4:
  71 0034 43000F40 		.word	1074724931
  72 0038 53000F40 		.word	1074724947
  73              		.cfi_endproc
  74              	.LFE0:
  75              		.size	WS2812driver_1_write_byte, .-WS2812driver_1_write_byte
  76              		.section	.text.WS2812driver_1_write2fifo,"ax",%progbits
  77              		.align	2
  78              		.global	WS2812driver_1_write2fifo
  79              		.code	16
ARM GAS  C:\Users\TSUBAS~1\AppData\Local\Temp\ccXIwqcP.s 			page 3


  80              		.thumb_func
  81              		.type	WS2812driver_1_write2fifo, %function
  82              	WS2812driver_1_write2fifo:
  83              	.LFB1:
  36:.\Generated_Source\PSoC4/WS2812driver_1.c **** 
  37:.\Generated_Source\PSoC4/WS2812driver_1.c **** /*******************************************************************************
  38:.\Generated_Source\PSoC4/WS2812driver_1.c **** * Function Name: Pin_1_Write
  39:.\Generated_Source\PSoC4/WS2812driver_1.c **** ********************************************************************************
  40:.\Generated_Source\PSoC4/WS2812driver_1.c **** *
  41:.\Generated_Source\PSoC4/WS2812driver_1.c **** * Summary:
  42:.\Generated_Source\PSoC4/WS2812driver_1.c **** *  Write a data array to the fifo.  
  43:.\Generated_Source\PSoC4/WS2812driver_1.c **** *
  44:.\Generated_Source\PSoC4/WS2812driver_1.c **** * Parameters:  
  45:.\Generated_Source\PSoC4/WS2812driver_1.c **** *  *buff:  The pointer to data array.
  46:.\Generated_Source\PSoC4/WS2812driver_1.c **** *  len :   The length of the array to be written.
  47:.\Generated_Source\PSoC4/WS2812driver_1.c **** *          Length MUST be less than 10.
  48:.\Generated_Source\PSoC4/WS2812driver_1.c **** *
  49:.\Generated_Source\PSoC4/WS2812driver_1.c **** * Return: 
  50:.\Generated_Source\PSoC4/WS2812driver_1.c **** *  None 
  51:.\Generated_Source\PSoC4/WS2812driver_1.c **** *  
  52:.\Generated_Source\PSoC4/WS2812driver_1.c **** *******************************************************************************/
  53:.\Generated_Source\PSoC4/WS2812driver_1.c **** void WS2812driver_1_write2fifo(unsigned char* buff, unsigned char len){
  84              		.loc 1 53 0
  85              		.cfi_startproc
  86 0000 80B5     		push	{r7, lr}
  87              	.LCFI3:
  88              		.cfi_def_cfa_offset 8
  89              		.cfi_offset 7, -8
  90              		.cfi_offset 14, -4
  91 0002 84B0     		sub	sp, sp, #16
  92              	.LCFI4:
  93              		.cfi_def_cfa_offset 24
  94 0004 00AF     		add	r7, sp, #0
  95              	.LCFI5:
  96              		.cfi_def_cfa_register 7
  97 0006 7860     		str	r0, [r7, #4]
  98 0008 0A1C     		mov	r2, r1
  99 000a FB1C     		add	r3, r7, #3
 100 000c 1A70     		strb	r2, [r3]
  54:.\Generated_Source\PSoC4/WS2812driver_1.c ****     unsigned char i;
  55:.\Generated_Source\PSoC4/WS2812driver_1.c ****     for(i=0;i<len;i++){
 101              		.loc 1 55 0
 102 000e 3B1C     		mov	r3, r7
 103 0010 0F33     		add	r3, r3, #15
 104 0012 0022     		mov	r2, #0
 105 0014 1A70     		strb	r2, [r3]
 106 0016 20E0     		b	.L7
 107              	.L10:
  56:.\Generated_Source\PSoC4/WS2812driver_1.c ****         if(i<5){
 108              		.loc 1 56 0
 109 0018 3B1C     		mov	r3, r7
 110 001a 0F33     		add	r3, r3, #15
 111 001c 1B78     		ldrb	r3, [r3]
 112 001e 042B     		cmp	r3, #4
 113 0020 0AD8     		bhi	.L8
  57:.\Generated_Source\PSoC4/WS2812driver_1.c ****             WS2812driver_1_write_byte(buff[i], FIFO_F0);
 114              		.loc 1 57 0
ARM GAS  C:\Users\TSUBAS~1\AppData\Local\Temp\ccXIwqcP.s 			page 4


 115 0022 3B1C     		mov	r3, r7
 116 0024 0F33     		add	r3, r3, #15
 117 0026 1B78     		ldrb	r3, [r3]
 118 0028 7A68     		ldr	r2, [r7, #4]
 119 002a D318     		add	r3, r2, r3
 120 002c 1B78     		ldrb	r3, [r3]
 121 002e 181C     		mov	r0, r3
 122 0030 0021     		mov	r1, #0
 123 0032 FFF7FEFF 		bl	WS2812driver_1_write_byte
 124 0036 09E0     		b	.L9
 125              	.L8:
  58:.\Generated_Source\PSoC4/WS2812driver_1.c ****         }else{
  59:.\Generated_Source\PSoC4/WS2812driver_1.c ****             WS2812driver_1_write_byte(buff[i], FIFO_F1);
 126              		.loc 1 59 0
 127 0038 3B1C     		mov	r3, r7
 128 003a 0F33     		add	r3, r3, #15
 129 003c 1B78     		ldrb	r3, [r3]
 130 003e 7A68     		ldr	r2, [r7, #4]
 131 0040 D318     		add	r3, r2, r3
 132 0042 1B78     		ldrb	r3, [r3]
 133 0044 181C     		mov	r0, r3
 134 0046 0121     		mov	r1, #1
 135 0048 FFF7FEFF 		bl	WS2812driver_1_write_byte
 136              	.L9:
  55:.\Generated_Source\PSoC4/WS2812driver_1.c ****     for(i=0;i<len;i++){
 137              		.loc 1 55 0
 138 004c 3B1C     		mov	r3, r7
 139 004e 0F33     		add	r3, r3, #15
 140 0050 3A1C     		mov	r2, r7
 141 0052 0F32     		add	r2, r2, #15
 142 0054 1278     		ldrb	r2, [r2]
 143 0056 0132     		add	r2, r2, #1
 144 0058 1A70     		strb	r2, [r3]
 145              	.L7:
  55:.\Generated_Source\PSoC4/WS2812driver_1.c ****     for(i=0;i<len;i++){
 146              		.loc 1 55 0 is_stmt 0 discriminator 1
 147 005a 3A1C     		mov	r2, r7
 148 005c 0F32     		add	r2, r2, #15
 149 005e FB1C     		add	r3, r7, #3
 150 0060 1278     		ldrb	r2, [r2]
 151 0062 1B78     		ldrb	r3, [r3]
 152 0064 9A42     		cmp	r2, r3
 153 0066 D7D3     		bcc	.L10
  60:.\Generated_Source\PSoC4/WS2812driver_1.c ****         }
  61:.\Generated_Source\PSoC4/WS2812driver_1.c ****     }
  62:.\Generated_Source\PSoC4/WS2812driver_1.c **** }
 154              		.loc 1 62 0 is_stmt 1
 155 0068 BD46     		mov	sp, r7
 156 006a 04B0     		add	sp, sp, #16
 157              		@ sp needed for prologue
 158 006c 80BD     		pop	{r7, pc}
 159              		.cfi_endproc
 160              	.LFE1:
 161              		.size	WS2812driver_1_write2fifo, .-WS2812driver_1_write2fifo
 162 006e C046     		.text
 163              	.Letext0:
 164              		.file 2 "./Generated_Source/PSoC4/cytypes.h"
ARM GAS  C:\Users\TSUBAS~1\AppData\Local\Temp\ccXIwqcP.s 			page 5


 165              		.section	.debug_info,"",%progbits
 166              	.Ldebug_info0:
 167 0000 1C010000 		.4byte	0x11c
 168 0004 0200     		.2byte	0x2
 169 0006 00000000 		.4byte	.Ldebug_abbrev0
 170 000a 04       		.byte	0x4
 171 000b 01       		.uleb128 0x1
 172 000c 36010000 		.4byte	.LASF18
 173 0010 01       		.byte	0x1
 174 0011 8A000000 		.4byte	.LASF19
 175 0015 00000000 		.4byte	.LASF20
 176 0019 00000000 		.4byte	.Ldebug_ranges0+0
 177 001d 00000000 		.4byte	0
 178 0021 00000000 		.4byte	0
 179 0025 00000000 		.4byte	.Ldebug_line0
 180 0029 02       		.uleb128 0x2
 181 002a 01       		.byte	0x1
 182 002b 06       		.byte	0x6
 183 002c 8D010000 		.4byte	.LASF0
 184 0030 02       		.uleb128 0x2
 185 0031 01       		.byte	0x1
 186 0032 08       		.byte	0x8
 187 0033 52000000 		.4byte	.LASF1
 188 0037 02       		.uleb128 0x2
 189 0038 02       		.byte	0x2
 190 0039 05       		.byte	0x5
 191 003a 26010000 		.4byte	.LASF2
 192 003e 02       		.uleb128 0x2
 193 003f 02       		.byte	0x2
 194 0040 07       		.byte	0x7
 195 0041 77000000 		.4byte	.LASF3
 196 0045 02       		.uleb128 0x2
 197 0046 04       		.byte	0x4
 198 0047 05       		.byte	0x5
 199 0048 7F010000 		.4byte	.LASF4
 200 004c 02       		.uleb128 0x2
 201 004d 04       		.byte	0x4
 202 004e 07       		.byte	0x7
 203 004f 65000000 		.4byte	.LASF5
 204 0053 02       		.uleb128 0x2
 205 0054 08       		.byte	0x8
 206 0055 05       		.byte	0x5
 207 0056 13010000 		.4byte	.LASF6
 208 005a 02       		.uleb128 0x2
 209 005b 08       		.byte	0x8
 210 005c 07       		.byte	0x7
 211 005d C8000000 		.4byte	.LASF7
 212 0061 03       		.uleb128 0x3
 213 0062 04       		.byte	0x4
 214 0063 05       		.byte	0x5
 215 0064 696E7400 		.ascii	"int\000"
 216 0068 02       		.uleb128 0x2
 217 0069 04       		.byte	0x4
 218 006a 07       		.byte	0x7
 219 006b BB000000 		.4byte	.LASF8
 220 006f 04       		.uleb128 0x4
 221 0070 30010000 		.4byte	.LASF12
ARM GAS  C:\Users\TSUBAS~1\AppData\Local\Temp\ccXIwqcP.s 			page 6


 222 0074 02       		.byte	0x2
 223 0075 5B       		.byte	0x5b
 224 0076 30000000 		.4byte	0x30
 225 007a 02       		.uleb128 0x2
 226 007b 04       		.byte	0x4
 227 007c 04       		.byte	0x4
 228 007d 4C000000 		.4byte	.LASF9
 229 0081 02       		.uleb128 0x2
 230 0082 08       		.byte	0x8
 231 0083 04       		.byte	0x4
 232 0084 B4000000 		.4byte	.LASF10
 233 0088 02       		.uleb128 0x2
 234 0089 01       		.byte	0x1
 235 008a 08       		.byte	0x8
 236 008b 21010000 		.4byte	.LASF11
 237 008f 04       		.uleb128 0x4
 238 0090 60000000 		.4byte	.LASF13
 239 0094 02       		.byte	0x2
 240 0095 F0       		.byte	0xf0
 241 0096 9A000000 		.4byte	0x9a
 242 009a 05       		.uleb128 0x5
 243 009b 6F000000 		.4byte	0x6f
 244 009f 06       		.uleb128 0x6
 245 00a0 01       		.byte	0x1
 246 00a1 DF000000 		.4byte	.LASF16
 247 00a5 01       		.byte	0x1
 248 00a6 1D       		.byte	0x1d
 249 00a7 01       		.byte	0x1
 250 00a8 00000000 		.4byte	.LFB0
 251 00ac 3C000000 		.4byte	.LFE0
 252 00b0 00000000 		.4byte	.LLST0
 253 00b4 01       		.byte	0x1
 254 00b5 D6000000 		.4byte	0xd6
 255 00b9 07       		.uleb128 0x7
 256 00ba 88010000 		.4byte	.LASF14
 257 00be 01       		.byte	0x1
 258 00bf 1D       		.byte	0x1d
 259 00c0 30000000 		.4byte	0x30
 260 00c4 02       		.byte	0x2
 261 00c5 91       		.byte	0x91
 262 00c6 77       		.sleb128 -9
 263 00c7 07       		.uleb128 0x7
 264 00c8 47000000 		.4byte	.LASF15
 265 00cc 01       		.byte	0x1
 266 00cd 1D       		.byte	0x1d
 267 00ce 30000000 		.4byte	0x30
 268 00d2 02       		.byte	0x2
 269 00d3 91       		.byte	0x91
 270 00d4 76       		.sleb128 -10
 271 00d5 00       		.byte	0
 272 00d6 08       		.uleb128 0x8
 273 00d7 01       		.byte	0x1
 274 00d8 F9000000 		.4byte	.LASF17
 275 00dc 01       		.byte	0x1
 276 00dd 35       		.byte	0x35
 277 00de 01       		.byte	0x1
 278 00df 00000000 		.4byte	.LFB1
ARM GAS  C:\Users\TSUBAS~1\AppData\Local\Temp\ccXIwqcP.s 			page 7


 279 00e3 6E000000 		.4byte	.LFE1
 280 00e7 38000000 		.4byte	.LLST1
 281 00eb 01       		.byte	0x1
 282 00ec 19010000 		.4byte	0x119
 283 00f0 07       		.uleb128 0x7
 284 00f1 88010000 		.4byte	.LASF14
 285 00f5 01       		.byte	0x1
 286 00f6 35       		.byte	0x35
 287 00f7 19010000 		.4byte	0x119
 288 00fb 02       		.byte	0x2
 289 00fc 91       		.byte	0x91
 290 00fd 6C       		.sleb128 -20
 291 00fe 09       		.uleb128 0x9
 292 00ff 6C656E00 		.ascii	"len\000"
 293 0103 01       		.byte	0x1
 294 0104 35       		.byte	0x35
 295 0105 30000000 		.4byte	0x30
 296 0109 02       		.byte	0x2
 297 010a 91       		.byte	0x91
 298 010b 6B       		.sleb128 -21
 299 010c 0A       		.uleb128 0xa
 300 010d 6900     		.ascii	"i\000"
 301 010f 01       		.byte	0x1
 302 0110 36       		.byte	0x36
 303 0111 30000000 		.4byte	0x30
 304 0115 02       		.byte	0x2
 305 0116 91       		.byte	0x91
 306 0117 77       		.sleb128 -9
 307 0118 00       		.byte	0
 308 0119 0B       		.uleb128 0xb
 309 011a 04       		.byte	0x4
 310 011b 30000000 		.4byte	0x30
 311 011f 00       		.byte	0
 312              		.section	.debug_abbrev,"",%progbits
 313              	.Ldebug_abbrev0:
 314 0000 01       		.uleb128 0x1
 315 0001 11       		.uleb128 0x11
 316 0002 01       		.byte	0x1
 317 0003 25       		.uleb128 0x25
 318 0004 0E       		.uleb128 0xe
 319 0005 13       		.uleb128 0x13
 320 0006 0B       		.uleb128 0xb
 321 0007 03       		.uleb128 0x3
 322 0008 0E       		.uleb128 0xe
 323 0009 1B       		.uleb128 0x1b
 324 000a 0E       		.uleb128 0xe
 325 000b 55       		.uleb128 0x55
 326 000c 06       		.uleb128 0x6
 327 000d 11       		.uleb128 0x11
 328 000e 01       		.uleb128 0x1
 329 000f 52       		.uleb128 0x52
 330 0010 01       		.uleb128 0x1
 331 0011 10       		.uleb128 0x10
 332 0012 06       		.uleb128 0x6
 333 0013 00       		.byte	0
 334 0014 00       		.byte	0
 335 0015 02       		.uleb128 0x2
ARM GAS  C:\Users\TSUBAS~1\AppData\Local\Temp\ccXIwqcP.s 			page 8


 336 0016 24       		.uleb128 0x24
 337 0017 00       		.byte	0
 338 0018 0B       		.uleb128 0xb
 339 0019 0B       		.uleb128 0xb
 340 001a 3E       		.uleb128 0x3e
 341 001b 0B       		.uleb128 0xb
 342 001c 03       		.uleb128 0x3
 343 001d 0E       		.uleb128 0xe
 344 001e 00       		.byte	0
 345 001f 00       		.byte	0
 346 0020 03       		.uleb128 0x3
 347 0021 24       		.uleb128 0x24
 348 0022 00       		.byte	0
 349 0023 0B       		.uleb128 0xb
 350 0024 0B       		.uleb128 0xb
 351 0025 3E       		.uleb128 0x3e
 352 0026 0B       		.uleb128 0xb
 353 0027 03       		.uleb128 0x3
 354 0028 08       		.uleb128 0x8
 355 0029 00       		.byte	0
 356 002a 00       		.byte	0
 357 002b 04       		.uleb128 0x4
 358 002c 16       		.uleb128 0x16
 359 002d 00       		.byte	0
 360 002e 03       		.uleb128 0x3
 361 002f 0E       		.uleb128 0xe
 362 0030 3A       		.uleb128 0x3a
 363 0031 0B       		.uleb128 0xb
 364 0032 3B       		.uleb128 0x3b
 365 0033 0B       		.uleb128 0xb
 366 0034 49       		.uleb128 0x49
 367 0035 13       		.uleb128 0x13
 368 0036 00       		.byte	0
 369 0037 00       		.byte	0
 370 0038 05       		.uleb128 0x5
 371 0039 35       		.uleb128 0x35
 372 003a 00       		.byte	0
 373 003b 49       		.uleb128 0x49
 374 003c 13       		.uleb128 0x13
 375 003d 00       		.byte	0
 376 003e 00       		.byte	0
 377 003f 06       		.uleb128 0x6
 378 0040 2E       		.uleb128 0x2e
 379 0041 01       		.byte	0x1
 380 0042 3F       		.uleb128 0x3f
 381 0043 0C       		.uleb128 0xc
 382 0044 03       		.uleb128 0x3
 383 0045 0E       		.uleb128 0xe
 384 0046 3A       		.uleb128 0x3a
 385 0047 0B       		.uleb128 0xb
 386 0048 3B       		.uleb128 0x3b
 387 0049 0B       		.uleb128 0xb
 388 004a 27       		.uleb128 0x27
 389 004b 0C       		.uleb128 0xc
 390 004c 11       		.uleb128 0x11
 391 004d 01       		.uleb128 0x1
 392 004e 12       		.uleb128 0x12
ARM GAS  C:\Users\TSUBAS~1\AppData\Local\Temp\ccXIwqcP.s 			page 9


 393 004f 01       		.uleb128 0x1
 394 0050 40       		.uleb128 0x40
 395 0051 06       		.uleb128 0x6
 396 0052 9742     		.uleb128 0x2117
 397 0054 0C       		.uleb128 0xc
 398 0055 01       		.uleb128 0x1
 399 0056 13       		.uleb128 0x13
 400 0057 00       		.byte	0
 401 0058 00       		.byte	0
 402 0059 07       		.uleb128 0x7
 403 005a 05       		.uleb128 0x5
 404 005b 00       		.byte	0
 405 005c 03       		.uleb128 0x3
 406 005d 0E       		.uleb128 0xe
 407 005e 3A       		.uleb128 0x3a
 408 005f 0B       		.uleb128 0xb
 409 0060 3B       		.uleb128 0x3b
 410 0061 0B       		.uleb128 0xb
 411 0062 49       		.uleb128 0x49
 412 0063 13       		.uleb128 0x13
 413 0064 02       		.uleb128 0x2
 414 0065 0A       		.uleb128 0xa
 415 0066 00       		.byte	0
 416 0067 00       		.byte	0
 417 0068 08       		.uleb128 0x8
 418 0069 2E       		.uleb128 0x2e
 419 006a 01       		.byte	0x1
 420 006b 3F       		.uleb128 0x3f
 421 006c 0C       		.uleb128 0xc
 422 006d 03       		.uleb128 0x3
 423 006e 0E       		.uleb128 0xe
 424 006f 3A       		.uleb128 0x3a
 425 0070 0B       		.uleb128 0xb
 426 0071 3B       		.uleb128 0x3b
 427 0072 0B       		.uleb128 0xb
 428 0073 27       		.uleb128 0x27
 429 0074 0C       		.uleb128 0xc
 430 0075 11       		.uleb128 0x11
 431 0076 01       		.uleb128 0x1
 432 0077 12       		.uleb128 0x12
 433 0078 01       		.uleb128 0x1
 434 0079 40       		.uleb128 0x40
 435 007a 06       		.uleb128 0x6
 436 007b 9642     		.uleb128 0x2116
 437 007d 0C       		.uleb128 0xc
 438 007e 01       		.uleb128 0x1
 439 007f 13       		.uleb128 0x13
 440 0080 00       		.byte	0
 441 0081 00       		.byte	0
 442 0082 09       		.uleb128 0x9
 443 0083 05       		.uleb128 0x5
 444 0084 00       		.byte	0
 445 0085 03       		.uleb128 0x3
 446 0086 08       		.uleb128 0x8
 447 0087 3A       		.uleb128 0x3a
 448 0088 0B       		.uleb128 0xb
 449 0089 3B       		.uleb128 0x3b
ARM GAS  C:\Users\TSUBAS~1\AppData\Local\Temp\ccXIwqcP.s 			page 10


 450 008a 0B       		.uleb128 0xb
 451 008b 49       		.uleb128 0x49
 452 008c 13       		.uleb128 0x13
 453 008d 02       		.uleb128 0x2
 454 008e 0A       		.uleb128 0xa
 455 008f 00       		.byte	0
 456 0090 00       		.byte	0
 457 0091 0A       		.uleb128 0xa
 458 0092 34       		.uleb128 0x34
 459 0093 00       		.byte	0
 460 0094 03       		.uleb128 0x3
 461 0095 08       		.uleb128 0x8
 462 0096 3A       		.uleb128 0x3a
 463 0097 0B       		.uleb128 0xb
 464 0098 3B       		.uleb128 0x3b
 465 0099 0B       		.uleb128 0xb
 466 009a 49       		.uleb128 0x49
 467 009b 13       		.uleb128 0x13
 468 009c 02       		.uleb128 0x2
 469 009d 0A       		.uleb128 0xa
 470 009e 00       		.byte	0
 471 009f 00       		.byte	0
 472 00a0 0B       		.uleb128 0xb
 473 00a1 0F       		.uleb128 0xf
 474 00a2 00       		.byte	0
 475 00a3 0B       		.uleb128 0xb
 476 00a4 0B       		.uleb128 0xb
 477 00a5 49       		.uleb128 0x49
 478 00a6 13       		.uleb128 0x13
 479 00a7 00       		.byte	0
 480 00a8 00       		.byte	0
 481 00a9 00       		.byte	0
 482              		.section	.debug_loc,"",%progbits
 483              	.Ldebug_loc0:
 484              	.LLST0:
 485 0000 00000000 		.4byte	.LFB0
 486 0004 02000000 		.4byte	.LCFI0
 487 0008 0200     		.2byte	0x2
 488 000a 7D       		.byte	0x7d
 489 000b 00       		.sleb128 0
 490 000c 02000000 		.4byte	.LCFI0
 491 0010 04000000 		.4byte	.LCFI1
 492 0014 0200     		.2byte	0x2
 493 0016 7D       		.byte	0x7d
 494 0017 08       		.sleb128 8
 495 0018 04000000 		.4byte	.LCFI1
 496 001c 06000000 		.4byte	.LCFI2
 497 0020 0200     		.2byte	0x2
 498 0022 7D       		.byte	0x7d
 499 0023 10       		.sleb128 16
 500 0024 06000000 		.4byte	.LCFI2
 501 0028 3C000000 		.4byte	.LFE0
 502 002c 0200     		.2byte	0x2
 503 002e 77       		.byte	0x77
 504 002f 10       		.sleb128 16
 505 0030 00000000 		.4byte	0
 506 0034 00000000 		.4byte	0
ARM GAS  C:\Users\TSUBAS~1\AppData\Local\Temp\ccXIwqcP.s 			page 11


 507              	.LLST1:
 508 0038 00000000 		.4byte	.LFB1
 509 003c 02000000 		.4byte	.LCFI3
 510 0040 0200     		.2byte	0x2
 511 0042 7D       		.byte	0x7d
 512 0043 00       		.sleb128 0
 513 0044 02000000 		.4byte	.LCFI3
 514 0048 04000000 		.4byte	.LCFI4
 515 004c 0200     		.2byte	0x2
 516 004e 7D       		.byte	0x7d
 517 004f 08       		.sleb128 8
 518 0050 04000000 		.4byte	.LCFI4
 519 0054 06000000 		.4byte	.LCFI5
 520 0058 0200     		.2byte	0x2
 521 005a 7D       		.byte	0x7d
 522 005b 18       		.sleb128 24
 523 005c 06000000 		.4byte	.LCFI5
 524 0060 6E000000 		.4byte	.LFE1
 525 0064 0200     		.2byte	0x2
 526 0066 77       		.byte	0x77
 527 0067 18       		.sleb128 24
 528 0068 00000000 		.4byte	0
 529 006c 00000000 		.4byte	0
 530              		.section	.debug_aranges,"",%progbits
 531 0000 24000000 		.4byte	0x24
 532 0004 0200     		.2byte	0x2
 533 0006 00000000 		.4byte	.Ldebug_info0
 534 000a 04       		.byte	0x4
 535 000b 00       		.byte	0
 536 000c 0000     		.2byte	0
 537 000e 0000     		.2byte	0
 538 0010 00000000 		.4byte	.LFB0
 539 0014 3C000000 		.4byte	.LFE0-.LFB0
 540 0018 00000000 		.4byte	.LFB1
 541 001c 6E000000 		.4byte	.LFE1-.LFB1
 542 0020 00000000 		.4byte	0
 543 0024 00000000 		.4byte	0
 544              		.section	.debug_ranges,"",%progbits
 545              	.Ldebug_ranges0:
 546 0000 00000000 		.4byte	.LFB0
 547 0004 3C000000 		.4byte	.LFE0
 548 0008 00000000 		.4byte	.LFB1
 549 000c 6E000000 		.4byte	.LFE1
 550 0010 00000000 		.4byte	0
 551 0014 00000000 		.4byte	0
 552              		.section	.debug_line,"",%progbits
 553              	.Ldebug_line0:
 554 0000 82000000 		.section	.debug_str,"MS",%progbits,1
 554      02004D00 
 554      00000201 
 554      FB0E0D00 
 554      01010101 
 555              	.LASF20:
 556 0000 433A5C55 		.ascii	"C:\\Users\\Tsubasa Maruyama\\Documents\\PSoC Creato"
 556      73657273 
 556      5C547375 
 556      62617361 
ARM GAS  C:\Users\TSUBAS~1\AppData\Local\Temp\ccXIwqcP.s 			page 12


 556      204D6172 
 557 002f 725C4C74 		.ascii	"r\\Lticker\\Lticker.cydsn\000"
 557      69636B65 
 557      725C4C74 
 557      69636B65 
 557      722E6379 
 558              	.LASF15:
 559 0047 6669666F 		.ascii	"fifo\000"
 559      00
 560              	.LASF9:
 561 004c 666C6F61 		.ascii	"float\000"
 561      7400
 562              	.LASF1:
 563 0052 756E7369 		.ascii	"unsigned char\000"
 563      676E6564 
 563      20636861 
 563      7200
 564              	.LASF13:
 565 0060 72656738 		.ascii	"reg8\000"
 565      00
 566              	.LASF5:
 567 0065 6C6F6E67 		.ascii	"long unsigned int\000"
 567      20756E73 
 567      69676E65 
 567      6420696E 
 567      7400
 568              	.LASF3:
 569 0077 73686F72 		.ascii	"short unsigned int\000"
 569      7420756E 
 569      7369676E 
 569      65642069 
 569      6E7400
 570              	.LASF19:
 571 008a 2E5C4765 		.ascii	".\\Generated_Source\\PSoC4\\WS2812driver_1.c\000"
 571      6E657261 
 571      7465645F 
 571      536F7572 
 571      63655C50 
 572              	.LASF10:
 573 00b4 646F7562 		.ascii	"double\000"
 573      6C6500
 574              	.LASF8:
 575 00bb 756E7369 		.ascii	"unsigned int\000"
 575      676E6564 
 575      20696E74 
 575      00
 576              	.LASF7:
 577 00c8 6C6F6E67 		.ascii	"long long unsigned int\000"
 577      206C6F6E 
 577      6720756E 
 577      7369676E 
 577      65642069 
 578              	.LASF16:
 579 00df 57533238 		.ascii	"WS2812driver_1_write_byte\000"
 579      31326472 
 579      69766572 
 579      5F315F77 
ARM GAS  C:\Users\TSUBAS~1\AppData\Local\Temp\ccXIwqcP.s 			page 13


 579      72697465 
 580              	.LASF17:
 581 00f9 57533238 		.ascii	"WS2812driver_1_write2fifo\000"
 581      31326472 
 581      69766572 
 581      5F315F77 
 581      72697465 
 582              	.LASF6:
 583 0113 6C6F6E67 		.ascii	"long long int\000"
 583      206C6F6E 
 583      6720696E 
 583      7400
 584              	.LASF11:
 585 0121 63686172 		.ascii	"char\000"
 585      00
 586              	.LASF2:
 587 0126 73686F72 		.ascii	"short int\000"
 587      7420696E 
 587      7400
 588              	.LASF12:
 589 0130 75696E74 		.ascii	"uint8\000"
 589      3800
 590              	.LASF18:
 591 0136 474E5520 		.ascii	"GNU C 4.7.3 20130312 (release) [ARM/embedded-4_7-br"
 591      4320342E 
 591      372E3320 
 591      32303133 
 591      30333132 
 592 0169 616E6368 		.ascii	"anch revision 196615]\000"
 592      20726576 
 592      6973696F 
 592      6E203139 
 592      36363135 
 593              	.LASF4:
 594 017f 6C6F6E67 		.ascii	"long int\000"
 594      20696E74 
 594      00
 595              	.LASF14:
 596 0188 62756666 		.ascii	"buff\000"
 596      00
 597              	.LASF0:
 598 018d 7369676E 		.ascii	"signed char\000"
 598      65642063 
 598      68617200 
 599              		.ident	"GCC: (GNU Tools for ARM Embedded Processors) 4.7.3 20130312 (release) [ARM/embedded-4_7-br
